<?xml version="1.0" encoding="UTF-8"?>
<!-- Generated by org.testng.reporters.JUnitXMLReporter -->
<testsuite ignored="0" hostname="DESKTOP-OGS304U" failures="1" tests="21" name="Smoke Test Cases" time="1106.194" errors="0" timestamp="17 Dec 2020 12:20:39 GMT">
  <testcase classname="sailotech.com.EzScheduler.providerTests.DoctorRegistrationTest" name="TC01_Naviagtion_to_Register" time="4.887"/>
  <testcase classname="sailotech.com.EzScheduler.providerTests.DoctorRegistrationTest" name="TC02_DoctorRegisterPage" time="59.775"/>
  <testcase classname="sailotech.com.EzScheduler.providerTests.DoctorRegistrationTest" name="TC03_ReadMailToGetCredentials" time="10.177"/>
  <testcase classname="sailotech.com.EzScheduler.adminTests.VerifyDoctorsTest" name="TC01_Navigate_to_AdminLogin" time="12.391"/>
  <testcase classname="sailotech.com.EzScheduler.adminTests.VerifyDoctorsTest" name="TC02_VerifyDoctor" time="17.193"/>
  <testcase classname="sailotech.com.EzScheduler.adminTests.VerifyDoctorsTest" name="TC03_Naviagtion_To_VerifiedQueue" time="0.576"/>
  <testcase classname="sailotech.com.EzScheduler.adminTests.VerifyDoctorsTest" name="TC06_Check_verified_Doctor" time="152.4"/>
  <testcase classname="sailotech.com.EzScheduler.providerTests.SlotGenerationTest" name="TC01_Naviagtion_to_Login" time="5.835"/>
  <testcase classname="sailotech.com.EzScheduler.providerTests.SlotGenerationTest" name="TC02_DoctorLogin" time="18.014"/>
  <testcase classname="sailotech.com.EzScheduler.providerTests.SlotGenerationTest" name="TC03_Navigation_to_the_GenerateSLots_Page" time="27.643"/>
  <testcase classname="sailotech.com.EzScheduler.providerTests.SlotGenerationTest" name="TC04_Generate_slots_on_GenerateSlots_Page" time="67.131"/>
  <testcase classname="sailotech.com.EzScheduler.providerTests.SlotGenerationTest" name="TC05_Check_the_slots_generated" time="13.914"/>
  <testcase classname="sailotech.com.EzScheduler.providerTests.SlotGenerationTest" name="TC06_Doctor_Logout" time="3.848"/>
  <testcase classname="sailotech.com.EzScheduler.consumerTests.PatientRegistrationTest" name="TC01_Navigate_to_Patient_Registration" time="28.085"/>
  <testcase classname="sailotech.com.EzScheduler.consumerTests.PatientRegistrationTest" name="TC02_Patient_Registration" time="45.16"/>
  <testcase classname="sailotech.com.EzScheduler.consumerTests.PatientRegistrationTest" name="TC03_ReadMailforOtp" time="28.28"/>
  <testcase classname="sailotech.com.EzScheduler.consumerTests.PatientRegistrationTest" name="TC04_otpPage" time="15.004">
    <failure type="org.openqa.selenium.TimeoutException" message="Expected condition failed: waiting for element to be clickable: Proxy element for: DefaultElementLocator &amp;apos;By.name: otp&amp;apos; (tried for 10 second(s) with 500 milliseconds interval)">
      <![CDATA[org.openqa.selenium.TimeoutException: Expected condition failed: waiting for element to be clickable: Proxy element for: DefaultElementLocator 'By.name: otp' (tried for 10 second(s) with 500 milliseconds interval)
at org.openqa.selenium.support.ui.WebDriverWait.timeoutException(WebDriverWait.java:95)
at org.openqa.selenium.support.ui.FluentWait.until(FluentWait.java:272)
at sailotech.com.EzScheduler.consumerPages.PatientRegistration.otpPage(PatientRegistration.java:95)
at sailotech.com.EzScheduler.consumerTests.PatientRegistrationTest.TC04_otpPage(PatientRegistrationTest.java:49)
at java.base/jdk.internal.reflect.NativeMethodAccessorImpl.invoke0(Native Method)
at java.base/jdk.internal.reflect.NativeMethodAccessorImpl.invoke(NativeMethodAccessorImpl.java:62)
at java.base/jdk.internal.reflect.DelegatingMethodAccessorImpl.invoke(DelegatingMethodAccessorImpl.java:43)
at java.base/java.lang.reflect.Method.invoke(Method.java:566)
at org.testng.internal.MethodInvocationHelper.invokeMethod(MethodInvocationHelper.java:124)
at org.testng.internal.Invoker.invokeMethod(Invoker.java:583)
at org.testng.internal.Invoker.invokeTestMethod(Invoker.java:719)
at org.testng.internal.Invoker.invokeTestMethods(Invoker.java:989)
at org.testng.internal.TestMethodWorker.invokeTestMethods(TestMethodWorker.java:125)
at org.testng.internal.TestMethodWorker.run(TestMethodWorker.java:109)
at org.testng.TestRunner.privateRun(TestRunner.java:648)
at org.testng.TestRunner.run(TestRunner.java:505)
at org.testng.SuiteRunner.runTest(SuiteRunner.java:455)
at org.testng.SuiteRunner.runSequentially(SuiteRunner.java:450)
at org.testng.SuiteRunner.privateRun(SuiteRunner.java:415)
at org.testng.SuiteRunner.run(SuiteRunner.java:364)
at org.testng.SuiteRunnerWorker.runSuite(SuiteRunnerWorker.java:52)
at org.testng.SuiteRunnerWorker.run(SuiteRunnerWorker.java:84)
at org.testng.TestNG.runSuitesSequentially(TestNG.java:1208)
at org.testng.TestNG.runSuitesLocally(TestNG.java:1137)
at org.testng.TestNG.runSuites(TestNG.java:1049)
at org.testng.TestNG.run(TestNG.java:1017)
at org.testng.remote.AbstractRemoteTestNG.run(AbstractRemoteTestNG.java:115)
at org.testng.remote.RemoteTestNG.initAndRun(RemoteTestNG.java:251)
at org.testng.remote.RemoteTestNG.main(RemoteTestNG.java:77)
Caused by: org.openqa.selenium.NoSuchElementException: no such element: Unable to locate element: {"method":"name","selector":"otp"}
  (Session info: chrome=87.0.4280.88)
  (Driver info: chromedriver=2.36.540470 (e522d04694c7ebea4ba8821272dbef4f9b818c91),platform=Windows NT 10.0.19041 x86_64) (WARNING: The server did not provide any stacktrace information)
Command duration or timeout: 0 milliseconds
For documentation on this error, please visit: https://www.seleniumhq.org/exceptions/no_such_element.html
Build info: version: '3.141.59', revision: 'e82be7d358', time: '2018-11-14T08:17:03'
System info: host: 'DESKTOP-OGS304U', ip: '192.168.0.7', os.name: 'Windows 10', os.arch: 'amd64', os.version: '10.0', java.version: '11.0.7'
Driver info: org.openqa.selenium.chrome.ChromeDriver
Capabilities {acceptInsecureCerts: false, acceptSslCerts: false, applicationCacheEnabled: false, browserConnectionEnabled: false, browserName: chrome, chrome: {chromedriverVersion: 2.36.540470 (e522d04694c7eb..., userDataDir: C:\Users\HP\AppData\Local\T...}, cssSelectorsEnabled: true, databaseEnabled: false, handlesAlerts: true, hasTouchScreen: false, javascriptEnabled: true, locationContextEnabled: true, mobileEmulationEnabled: false, nativeEvents: true, networkConnectionEnabled: false, pageLoadStrategy: normal, platform: XP, platformName: XP, rotatable: false, setWindowRect: true, takesHeapSnapshot: true, takesScreenshot: true, unexpectedAlertBehaviour: , unhandledPromptBehavior: , version: 87.0.4280.88, webStorageEnabled: true}
Session ID: 42fa88e3b2f98ac22b83e53f35eaa883
*** Element info: {Using=name, value=otp}
at java.base/jdk.internal.reflect.NativeConstructorAccessorImpl.newInstance0(Native Method)
at java.base/jdk.internal.reflect.NativeConstructorAccessorImpl.newInstance(NativeConstructorAccessorImpl.java:62)
at java.base/jdk.internal.reflect.DelegatingConstructorAccessorImpl.newInstance(DelegatingConstructorAccessorImpl.java:45)
at java.base/java.lang.reflect.Constructor.newInstance(Constructor.java:490)
at org.openqa.selenium.remote.ErrorHandler.createThrowable(ErrorHandler.java:214)
at org.openqa.selenium.remote.ErrorHandler.throwIfResponseFailed(ErrorHandler.java:166)
at org.openqa.selenium.remote.http.JsonHttpResponseCodec.reconstructValue(JsonHttpResponseCodec.java:40)
at org.openqa.selenium.remote.http.AbstractHttpResponseCodec.decode(AbstractHttpResponseCodec.java:80)
at org.openqa.selenium.remote.http.AbstractHttpResponseCodec.decode(AbstractHttpResponseCodec.java:44)
at org.openqa.selenium.remote.HttpCommandExecutor.execute(HttpCommandExecutor.java:158)
at org.openqa.selenium.remote.service.DriverCommandExecutor.execute(DriverCommandExecutor.java:83)
at org.openqa.selenium.remote.RemoteWebDriver.execute(RemoteWebDriver.java:552)
at org.openqa.selenium.remote.RemoteWebDriver.findElement(RemoteWebDriver.java:323)
at org.openqa.selenium.remote.RemoteWebDriver.findElementByName(RemoteWebDriver.java:404)
at org.openqa.selenium.By$ByName.findElement(By.java:284)
at org.openqa.selenium.remote.RemoteWebDriver.findElement(RemoteWebDriver.java:315)
at org.openqa.selenium.support.pagefactory.DefaultElementLocator.findElement(DefaultElementLocator.java:69)
at org.openqa.selenium.support.pagefactory.internal.LocatingElementHandler.invoke(LocatingElementHandler.java:38)
at com.sun.proxy.$Proxy17.isDisplayed(Unknown Source)
at org.openqa.selenium.support.ui.ExpectedConditions.elementIfVisible(ExpectedConditions.java:314)
at org.openqa.selenium.support.ui.ExpectedConditions.access$000(ExpectedConditions.java:43)
at org.openqa.selenium.support.ui.ExpectedConditions$10.apply(ExpectedConditions.java:300)
at org.openqa.selenium.support.ui.ExpectedConditions$10.apply(ExpectedConditions.java:297)
at org.openqa.selenium.support.ui.ExpectedConditions$23.apply(ExpectedConditions.java:670)
at org.openqa.selenium.support.ui.ExpectedConditions$23.apply(ExpectedConditions.java:666)
at org.openqa.selenium.support.ui.FluentWait.until(FluentWait.java:249)
... 27 more
]]>
    </failure>
  </testcase> <!-- TC04_otpPage -->
  <testcase classname="sailotech.com.EzScheduler.consumerTests.PatientAppointmentBookingTest" name="TC01_Navigate_to_LoginRegister" time="29.414"/>
  <testcase classname="sailotech.com.EzScheduler.consumerTests.PatientAppointmentBookingTest" name="TC02_PatientLogin" time="38.545"/>
  <testcase classname="sailotech.com.EzScheduler.consumerTests.PatientAppointmentBookingTest" name="TC03_serach_for_doctor" time="32.248"/>
  <testcase classname="sailotech.com.EzScheduler.consumerTests.PatientAppointmentBookingTest" name="TC04_slot_booking" time="196.14"/>
</testsuite> <!-- Smoke Test Cases -->
