<html>
<head>
<title>TestNG:  Smoke Test Cases</title>
<link href="../testng.css" rel="stylesheet" type="text/css" />
<link href="../my-testng.css" rel="stylesheet" type="text/css" />

<style type="text/css">
.log { display: none;} 
.stack-trace { display: none;} 
</style>
<script type="text/javascript">
<!--
function flip(e) {
  current = e.style.display;
  if (current == 'block') {
    e.style.display = 'none';
    return 0;
  }
  else {
    e.style.display = 'block';
    return 1;
  }
}

function toggleBox(szDivId, elem, msg1, msg2)
{
  var res = -1;  if (document.getElementById) {
    res = flip(document.getElementById(szDivId));
  }
  else if (document.all) {
    // this is the way old msie versions work
    res = flip(document.all[szDivId]);
  }
  if(elem) {
    if(res == 0) elem.innerHTML = msg1; else elem.innerHTML = msg2;
  }

}

function toggleAllBoxes() {
  if (document.getElementsByTagName) {
    d = document.getElementsByTagName('div');
    for (i = 0; i < d.length; i++) {
      if (d[i].className == 'log') {
        flip(d[i]);
      }
    }
  }
}

// -->
</script>

</head>
<body>
<h2 align='center'>Smoke Test Cases</h2><table border='1' align="center">
<tr>
<td>Tests passed/Failed/Skipped:</td><td>20/1/0</td>
</tr><tr>
<td>Started on:</td><td>Thu Dec 17 17:32:13 IST 2020</td>
</tr>
<tr><td>Total time:</td><td>1106 seconds (1106194 ms)</td>
</tr><tr>
<td>Included groups:</td><td></td>
</tr><tr>
<td>Excluded groups:</td><td></td>
</tr>
</table><p/>
<small><i>(Hover the method name to see the test class name)</i></small><p/>
<table width='100%' border='1' class='invocation-failed'>
<tr><td colspan='4' align='center'><b>FAILED TESTS</b></td></tr>
<tr><td><b>Test method</b></td>
<td width="30%"><b>Exception</b></td>
<td width="10%"><b>Time (seconds)</b></td>
<td><b>Instance</b></td>
</tr>
<tr>
<td title='sailotech.com.EzScheduler.consumerTests.PatientRegistrationTest.TC04_otpPage()'><b>TC04_otpPage</b><br>Test class: sailotech.com.EzScheduler.consumerTests.PatientRegistrationTest<br>Test method: Patient Registration Page</td>
<td><div><pre>org.openqa.selenium.TimeoutException: Expected condition failed: waiting for element to be clickable: Proxy element for: DefaultElementLocator &apos;By.name: otp&apos; (tried for 10 second(s) with 500 milliseconds interval)
	at org.openqa.selenium.support.ui.WebDriverWait.timeoutException(WebDriverWait.java:95)
	at org.openqa.selenium.support.ui.FluentWait.until(FluentWait.java:272)
	at sailotech.com.EzScheduler.consumerPages.PatientRegistration.otpPage(PatientRegistration.java:95)
	at sailotech.com.EzScheduler.consumerTests.PatientRegistrationTest.TC04_otpPage(PatientRegistrationTest.java:49)
	at java.base/jdk.internal.reflect.NativeMethodAccessorImpl.invoke0(Native Method)
	at java.base/jdk.internal.reflect.NativeMethodAccessorImpl.invoke(NativeMethodAccessorImpl.java:62)
	at java.base/jdk.internal.reflect.DelegatingMethodAccessorImpl.invoke(DelegatingMethodAccessorImpl.java:43)
	at java.base/java.lang.reflect.Method.invoke(Method.java:566)
	at org.testng.internal.MethodInvocationHelper.invokeMethod(MethodInvocationHelper.java:124)
	at org.testng.internal.Invoker.invokeMethod(Invoker.java:583)
	at org.testng.internal.Invoker.invokeTestMethod(Invoker.java:719)
	at org.testng.internal.Invoker.invokeTestMethods(Invoker.java:989)
	at org.testng.internal.TestMethodWorker.invokeTestMethods(TestMethodWorker.java:125)
	at org.testng.internal.TestMethodWorker.run(TestMethodWorker.java:109)
	at org.testng.TestRunner.privateRun(TestRunner.java:648)
	at org.testng.TestRunner.run(TestRunner.java:505)
	at org.testng.SuiteRunner.runTest(SuiteRunner.java:455)
	at org.testng.SuiteRunner.runSequentially(SuiteRunner.java:450)
	at org.testng.SuiteRunner.privateRun(SuiteRunner.java:415)
	at org.testng.SuiteRunner.run(SuiteRunner.java:364)
	at org.testng.SuiteRunnerWorker.runSuite(SuiteRunnerWorker.java:52)
	at org.testng.SuiteRunnerWorker.run(SuiteRunnerWorker.java:84)
	at org.testng.TestNG.runSuitesSequentially(TestNG.java:1208)
	at org.testng.TestNG.runSuitesLocally(TestNG.java:1137)
	at org.testng.TestNG.runSuites(TestNG.java:1049)
	at org.testng.TestNG.run(TestNG.java:1017)
	at org.testng.remote.AbstractRemoteTestNG.run(AbstractRemoteTestNG.java:115)
	at org.testng.remote.RemoteTestNG.initAndRun(RemoteTestNG.java:251)
	at org.testng.remote.RemoteTestNG.main(RemoteTestNG.java:77)
Caused by: org.openqa.selenium.NoSuchElementException: no such element: Unable to locate element: {&quot;method&quot;:&quot;name&quot;,&quot;selector&quot;:&quot;otp&quot;}
  (Session info: chrome=87.0.4280.88)
  (Driver info: chromedriver=2.36.540470 (e522d04694c7ebea4ba8821272dbef4f9b818c91),platform=Windows NT 10.0.19041 x86_64) (WARNING: The server did not provide any stacktrace information)
Command duration or timeout: 0 milliseconds
For documentation on this error, please visit: https://www.seleniumhq.org/exceptions/no_such_element.html
Build info: version: &apos;3.141.59&apos;, revision: &apos;e82be7d358&apos;, time: &apos;2018-11-14T08:17:03&apos;
System info: host: &apos;DESKTOP-OGS304U&apos;, ip: &apos;192.168.0.7&apos;, os.name: &apos;Windows 10&apos;, os.arch: &apos;amd64&apos;, os.version: &apos;10.0&apos;, java.version: &apos;11.0.7&apos;
Driver info: org.openqa.selenium.chrome.ChromeDriver
Capabilities {acceptInsecureCerts: false, acceptSslCerts: false, applicationCacheEnabled: false, browserConnectionEnabled: false, browserName: chrome, chrome: {chromedriverVersion: 2.36.540470 (e522d04694c7eb..., userDataDir: C:\Users\HP\AppData\Local\T...}, cssSelectorsEnabled: true, databaseEnabled: false, handlesAlerts: true, hasTouchScreen: false, javascriptEnabled: true, locationContextEnabled: true, mobileEmulationEnabled: false, nativeEvents: true, networkConnectionEnabled: false, pageLoadStrategy: normal, platform: XP, platformName: XP, rotatable: false, setWindowRect: true, takesHeapSnapshot: true, takesScreenshot: true, unexpectedAlertBehaviour: , unhandledPromptBehavior: , version: 87.0.4280.88, webStorageEnabled: true}
Session ID: 42fa88e3b2f98ac22b83e53f35eaa883
*** Element info: {Using=name, value=otp}
	at java.base/jdk.internal.reflect.NativeConstructorAccessorImpl.newInstance0(Native Method)
	at java.base/jdk.internal.reflect.NativeConstructorAccessorImpl.newInstance(NativeConstructorAccessorImpl.java:62)
	at java.base/jdk.internal.reflect.DelegatingConstructorAccessorImpl.newInstance(DelegatingConstructorAccessorImpl.java:45)
	at java.base/java.lang.reflect.Constructor.newInstance(Constructor.java:490)
	at org.openqa.selenium.remote.ErrorHandler.createThrowable(ErrorHandler.java:214)
	at org.openqa.selenium.remote.ErrorHandler.throwIfResponseFailed(ErrorHandler.java:166)
	at org.openqa.selenium.remote.http.JsonHttpResponseCodec.reconstructValue(JsonHttpResponseCodec.java:40)
	at org.openqa.selenium.remote.http.AbstractHttpResponseCodec.decode(AbstractHttpResponseCodec.java:80)
	at org.openqa.selenium.remote.http.AbstractHttpResponseCodec.decode(AbstractHttpResponseCodec.java:44)
	at org.openqa.selenium.remote.HttpCommandExecutor.execute(HttpCommandExecutor.java:158)
	at org.openqa.selenium.remote.service.DriverCommandExecutor.execute(DriverCommandExecutor.java:83)
	at org.openqa.selenium.remote.RemoteWebDriver.execute(RemoteWebDriver.java:552)
	at org.openqa.selenium.remote.RemoteWebDriver.findElement(RemoteWebDriver.java:323)
	at org.openqa.selenium.remote.RemoteWebDriver.findElementByName(RemoteWebDriver.java:404)
	at org.openqa.selenium.By$ByName.findElement(By.java:284)
	at org.openqa.selenium.remote.RemoteWebDriver.findElement(RemoteWebDriver.java:315)
	at org.openqa.selenium.support.pagefactory.DefaultElementLocator.findElement(DefaultElementLocator.java:69)
	at org.openqa.selenium.support.pagefactory.internal.LocatingElementHandler.invoke(LocatingElementHandler.java:38)
	at com.sun.proxy.$Proxy17.isDisplayed(Unknown Source)
	at org.openqa.selenium.support.ui.ExpectedConditions.elementIfVisible(ExpectedConditions.java:314)
	at org.openqa.selenium.support.ui.ExpectedConditions.access$000(ExpectedConditions.java:43)
	at org.openqa.selenium.support.ui.ExpectedConditions$10.apply(ExpectedConditions.java:300)
	at org.openqa.selenium.support.ui.ExpectedConditions$10.apply(ExpectedConditions.java:297)
	at org.openqa.selenium.support.ui.ExpectedConditions$23.apply(ExpectedConditions.java:670)
	at org.openqa.selenium.support.ui.ExpectedConditions$23.apply(ExpectedConditions.java:666)
	at org.openqa.selenium.support.ui.FluentWait.until(FluentWait.java:249)
	... 27 more
</pre></div><a href='#' onClick='toggleBox("stack-trace552480439", this, "Click to show all stack frames", "Click to hide stack frames")'>Click to show all stack frames</a>
<div class='stack-trace' id='stack-trace552480439'><pre>org.openqa.selenium.TimeoutException: Expected condition failed: waiting for element to be clickable: Proxy element for: DefaultElementLocator &apos;By.name: otp&apos; (tried for 10 second(s) with 500 milliseconds interval)
	at org.openqa.selenium.support.ui.WebDriverWait.timeoutException(WebDriverWait.java:95)
	at org.openqa.selenium.support.ui.FluentWait.until(FluentWait.java:272)
	at sailotech.com.EzScheduler.consumerPages.PatientRegistration.otpPage(PatientRegistration.java:95)
	at sailotech.com.EzScheduler.consumerTests.PatientRegistrationTest.TC04_otpPage(PatientRegistrationTest.java:49)
	at java.base/jdk.internal.reflect.NativeMethodAccessorImpl.invoke0(Native Method)
	at java.base/jdk.internal.reflect.NativeMethodAccessorImpl.invoke(NativeMethodAccessorImpl.java:62)
	at java.base/jdk.internal.reflect.DelegatingMethodAccessorImpl.invoke(DelegatingMethodAccessorImpl.java:43)
	at java.base/java.lang.reflect.Method.invoke(Method.java:566)
	at org.testng.internal.MethodInvocationHelper.invokeMethod(MethodInvocationHelper.java:124)
	at org.testng.internal.Invoker.invokeMethod(Invoker.java:583)
	at org.testng.internal.Invoker.invokeTestMethod(Invoker.java:719)
	at org.testng.internal.Invoker.invokeTestMethods(Invoker.java:989)
	at org.testng.internal.TestMethodWorker.invokeTestMethods(TestMethodWorker.java:125)
	at org.testng.internal.TestMethodWorker.run(TestMethodWorker.java:109)
	at org.testng.TestRunner.privateRun(TestRunner.java:648)
	at org.testng.TestRunner.run(TestRunner.java:505)
	at org.testng.SuiteRunner.runTest(SuiteRunner.java:455)
	at org.testng.SuiteRunner.runSequentially(SuiteRunner.java:450)
	at org.testng.SuiteRunner.privateRun(SuiteRunner.java:415)
	at org.testng.SuiteRunner.run(SuiteRunner.java:364)
	at org.testng.SuiteRunnerWorker.runSuite(SuiteRunnerWorker.java:52)
	at org.testng.SuiteRunnerWorker.run(SuiteRunnerWorker.java:84)
	at org.testng.TestNG.runSuitesSequentially(TestNG.java:1208)
	at org.testng.TestNG.runSuitesLocally(TestNG.java:1137)
	at org.testng.TestNG.runSuites(TestNG.java:1049)
	at org.testng.TestNG.run(TestNG.java:1017)
	at org.testng.remote.AbstractRemoteTestNG.run(AbstractRemoteTestNG.java:115)
	at org.testng.remote.RemoteTestNG.initAndRun(RemoteTestNG.java:251)
	at org.testng.remote.RemoteTestNG.main(RemoteTestNG.java:77)
Caused by: org.openqa.selenium.NoSuchElementException: no such element: Unable to locate element: {&quot;method&quot;:&quot;name&quot;,&quot;selector&quot;:&quot;otp&quot;}
  (Session info: chrome=87.0.4280.88)
  (Driver info: chromedriver=2.36.540470 (e522d04694c7ebea4ba8821272dbef4f9b818c91),platform=Windows NT 10.0.19041 x86_64) (WARNING: The server did not provide any stacktrace information)
Command duration or timeout: 0 milliseconds
For documentation on this error, please visit: https://www.seleniumhq.org/exceptions/no_such_element.html
Build info: version: &apos;3.141.59&apos;, revision: &apos;e82be7d358&apos;, time: &apos;2018-11-14T08:17:03&apos;
System info: host: &apos;DESKTOP-OGS304U&apos;, ip: &apos;192.168.0.7&apos;, os.name: &apos;Windows 10&apos;, os.arch: &apos;amd64&apos;, os.version: &apos;10.0&apos;, java.version: &apos;11.0.7&apos;
Driver info: org.openqa.selenium.chrome.ChromeDriver
Capabilities {acceptInsecureCerts: false, acceptSslCerts: false, applicationCacheEnabled: false, browserConnectionEnabled: false, browserName: chrome, chrome: {chromedriverVersion: 2.36.540470 (e522d04694c7eb..., userDataDir: C:\Users\HP\AppData\Local\T...}, cssSelectorsEnabled: true, databaseEnabled: false, handlesAlerts: true, hasTouchScreen: false, javascriptEnabled: true, locationContextEnabled: true, mobileEmulationEnabled: false, nativeEvents: true, networkConnectionEnabled: false, pageLoadStrategy: normal, platform: XP, platformName: XP, rotatable: false, setWindowRect: true, takesHeapSnapshot: true, takesScreenshot: true, unexpectedAlertBehaviour: , unhandledPromptBehavior: , version: 87.0.4280.88, webStorageEnabled: true}
Session ID: 42fa88e3b2f98ac22b83e53f35eaa883
*** Element info: {Using=name, value=otp}
	at java.base/jdk.internal.reflect.NativeConstructorAccessorImpl.newInstance0(Native Method)
	at java.base/jdk.internal.reflect.NativeConstructorAccessorImpl.newInstance(NativeConstructorAccessorImpl.java:62)
	at java.base/jdk.internal.reflect.DelegatingConstructorAccessorImpl.newInstance(DelegatingConstructorAccessorImpl.java:45)
	at java.base/java.lang.reflect.Constructor.newInstance(Constructor.java:490)
	at org.openqa.selenium.remote.ErrorHandler.createThrowable(ErrorHandler.java:214)
	at org.openqa.selenium.remote.ErrorHandler.throwIfResponseFailed(ErrorHandler.java:166)
	at org.openqa.selenium.remote.http.JsonHttpResponseCodec.reconstructValue(JsonHttpResponseCodec.java:40)
	at org.openqa.selenium.remote.http.AbstractHttpResponseCodec.decode(AbstractHttpResponseCodec.java:80)
	at org.openqa.selenium.remote.http.AbstractHttpResponseCodec.decode(AbstractHttpResponseCodec.java:44)
	at org.openqa.selenium.remote.HttpCommandExecutor.execute(HttpCommandExecutor.java:158)
	at org.openqa.selenium.remote.service.DriverCommandExecutor.execute(DriverCommandExecutor.java:83)
	at org.openqa.selenium.remote.RemoteWebDriver.execute(RemoteWebDriver.java:552)
	at org.openqa.selenium.remote.RemoteWebDriver.findElement(RemoteWebDriver.java:323)
	at org.openqa.selenium.remote.RemoteWebDriver.findElementByName(RemoteWebDriver.java:404)
	at org.openqa.selenium.By$ByName.findElement(By.java:284)
	at org.openqa.selenium.remote.RemoteWebDriver.findElement(RemoteWebDriver.java:315)
	at org.openqa.selenium.support.pagefactory.DefaultElementLocator.findElement(DefaultElementLocator.java:69)
	at org.openqa.selenium.support.pagefactory.internal.LocatingElementHandler.invoke(LocatingElementHandler.java:38)
	at com.sun.proxy.$Proxy17.isDisplayed(Unknown Source)
	at org.openqa.selenium.support.ui.ExpectedConditions.elementIfVisible(ExpectedConditions.java:314)
	at org.openqa.selenium.support.ui.ExpectedConditions.access$000(ExpectedConditions.java:43)
	at org.openqa.selenium.support.ui.ExpectedConditions$10.apply(ExpectedConditions.java:300)
	at org.openqa.selenium.support.ui.ExpectedConditions$10.apply(ExpectedConditions.java:297)
	at org.openqa.selenium.support.ui.ExpectedConditions$23.apply(ExpectedConditions.java:670)
	at org.openqa.selenium.support.ui.ExpectedConditions$23.apply(ExpectedConditions.java:666)
	at org.openqa.selenium.support.ui.FluentWait.until(FluentWait.java:249)
	... 27 more
</pre></div></td>
<td>15</td>
<td>sailotech.com.EzScheduler.consumerTests.PatientRegistrationTest@6461e6ba</td></tr>
</table><p>
<table width='100%' border='1' class='invocation-passed'>
<tr><td colspan='4' align='center'><b>PASSED TESTS</b></td></tr>
<tr><td><b>Test method</b></td>
<td width="30%"><b>Exception</b></td>
<td width="10%"><b>Time (seconds)</b></td>
<td><b>Instance</b></td>
</tr>
<tr>
<td title='sailotech.com.EzScheduler.providerTests.SlotGenerationTest.TC01_Naviagtion_to_Login()'><b>TC01_Naviagtion_to_Login</b><br>Test class: sailotech.com.EzScheduler.providerTests.SlotGenerationTest</td>
<td></td>
<td>5</td>
<td>sailotech.com.EzScheduler.providerTests.SlotGenerationTest@4e80e1b5</td></tr>
<tr>
<td title='sailotech.com.EzScheduler.providerTests.DoctorRegistrationTest.TC01_Naviagtion_to_Register()'><b>TC01_Naviagtion_to_Register</b><br>Test class: sailotech.com.EzScheduler.providerTests.DoctorRegistrationTest</td>
<td></td>
<td>4</td>
<td>sailotech.com.EzScheduler.providerTests.DoctorRegistrationTest@7ba87d24</td></tr>
<tr>
<td title='sailotech.com.EzScheduler.adminTests.VerifyDoctorsTest.TC01_Navigate_to_AdminLogin()'><b>TC01_Navigate_to_AdminLogin</b><br>Test class: sailotech.com.EzScheduler.adminTests.VerifyDoctorsTest</td>
<td></td>
<td>12</td>
<td>sailotech.com.EzScheduler.adminTests.VerifyDoctorsTest@20acb87</td></tr>
<tr>
<td title='sailotech.com.EzScheduler.consumerTests.PatientAppointmentBookingTest.TC01_Navigate_to_LoginRegister()'><b>TC01_Navigate_to_LoginRegister</b><br>Test class: sailotech.com.EzScheduler.consumerTests.PatientAppointmentBookingTest</td>
<td></td>
<td>29</td>
<td>sailotech.com.EzScheduler.consumerTests.PatientAppointmentBookingTest@5c98f64f</td></tr>
<tr>
<td title='sailotech.com.EzScheduler.consumerTests.PatientRegistrationTest.TC01_Navigate_to_Patient_Registration()'><b>TC01_Navigate_to_Patient_Registration</b><br>Test class: sailotech.com.EzScheduler.consumerTests.PatientRegistrationTest</td>
<td></td>
<td>28</td>
<td>sailotech.com.EzScheduler.consumerTests.PatientRegistrationTest@6461e6ba</td></tr>
<tr>
<td title='sailotech.com.EzScheduler.providerTests.SlotGenerationTest.TC02_DoctorLogin()'><b>TC02_DoctorLogin</b><br>Test class: sailotech.com.EzScheduler.providerTests.SlotGenerationTest<br>Test method: Doctor Login</td>
<td></td>
<td>18</td>
<td>sailotech.com.EzScheduler.providerTests.SlotGenerationTest@4e80e1b5</td></tr>
<tr>
<td title='sailotech.com.EzScheduler.providerTests.DoctorRegistrationTest.TC02_DoctorRegisterPage()'><b>TC02_DoctorRegisterPage</b><br>Test class: sailotech.com.EzScheduler.providerTests.DoctorRegistrationTest<br>Test method: Doctor Register Page</td>
<td></td>
<td>59</td>
<td>sailotech.com.EzScheduler.providerTests.DoctorRegistrationTest@7ba87d24</td></tr>
<tr>
<td title='sailotech.com.EzScheduler.consumerTests.PatientAppointmentBookingTest.TC02_PatientLogin()'><b>TC02_PatientLogin</b><br>Test class: sailotech.com.EzScheduler.consumerTests.PatientAppointmentBookingTest<br>Test method: Click on Login/Register button on the HomePage of EzScheduler.</td>
<td></td>
<td>38</td>
<td>sailotech.com.EzScheduler.consumerTests.PatientAppointmentBookingTest@5c98f64f</td></tr>
<tr>
<td title='sailotech.com.EzScheduler.consumerTests.PatientRegistrationTest.TC02_Patient_Registration()'><b>TC02_Patient_Registration</b><br>Test class: sailotech.com.EzScheduler.consumerTests.PatientRegistrationTest<br>Test method: Patient Registration Page</td>
<td></td>
<td>45</td>
<td>sailotech.com.EzScheduler.consumerTests.PatientRegistrationTest@6461e6ba</td></tr>
<tr>
<td title='sailotech.com.EzScheduler.adminTests.VerifyDoctorsTest.TC02_VerifyDoctor()'><b>TC02_VerifyDoctor</b><br>Test class: sailotech.com.EzScheduler.adminTests.VerifyDoctorsTest<br>Test method: Click on Login/Register button on the HomePage of EzScheduler.</td>
<td></td>
<td>17</td>
<td>sailotech.com.EzScheduler.adminTests.VerifyDoctorsTest@20acb87</td></tr>
<tr>
<td title='sailotech.com.EzScheduler.adminTests.VerifyDoctorsTest.TC03_Naviagtion_To_VerifiedQueue()'><b>TC03_Naviagtion_To_VerifiedQueue</b><br>Test class: sailotech.com.EzScheduler.adminTests.VerifyDoctorsTest<br>Test method: Naviagte to Verified Queue</td>
<td></td>
<td>0</td>
<td>sailotech.com.EzScheduler.adminTests.VerifyDoctorsTest@20acb87</td></tr>
<tr>
<td title='sailotech.com.EzScheduler.providerTests.SlotGenerationTest.TC03_Navigation_to_the_GenerateSLots_Page()'><b>TC03_Navigation_to_the_GenerateSLots_Page</b><br>Test class: sailotech.com.EzScheduler.providerTests.SlotGenerationTest<br>Test method: Navigates to the slot generation screen</td>
<td></td>
<td>27</td>
<td>sailotech.com.EzScheduler.providerTests.SlotGenerationTest@4e80e1b5</td></tr>
<tr>
<td title='sailotech.com.EzScheduler.providerTests.DoctorRegistrationTest.TC03_ReadMailToGetCredentials()'><b>TC03_ReadMailToGetCredentials</b><br>Test class: sailotech.com.EzScheduler.providerTests.DoctorRegistrationTest<br>Test method: Doctor Register Page</td>
<td></td>
<td>10</td>
<td>sailotech.com.EzScheduler.providerTests.DoctorRegistrationTest@7ba87d24</td></tr>
<tr>
<td title='sailotech.com.EzScheduler.consumerTests.PatientRegistrationTest.TC03_ReadMailforOtp()'><b>TC03_ReadMailforOtp</b><br>Test class: sailotech.com.EzScheduler.consumerTests.PatientRegistrationTest<br>Test method: Patient Registration Page</td>
<td></td>
<td>28</td>
<td>sailotech.com.EzScheduler.consumerTests.PatientRegistrationTest@6461e6ba</td></tr>
<tr>
<td title='sailotech.com.EzScheduler.consumerTests.PatientAppointmentBookingTest.TC03_serach_for_doctor()'><b>TC03_serach_for_doctor</b><br>Test class: sailotech.com.EzScheduler.consumerTests.PatientAppointmentBookingTest<br>Test method: Patient Logged in Successfully</td>
<td></td>
<td>32</td>
<td>sailotech.com.EzScheduler.consumerTests.PatientAppointmentBookingTest@5c98f64f</td></tr>
<tr>
<td title='sailotech.com.EzScheduler.providerTests.SlotGenerationTest.TC04_Generate_slots_on_GenerateSlots_Page()'><b>TC04_Generate_slots_on_GenerateSlots_Page</b><br>Test class: sailotech.com.EzScheduler.providerTests.SlotGenerationTest<br>Test method: Navigates to the slot generation screen</td>
<td></td>
<td>67</td>
<td>sailotech.com.EzScheduler.providerTests.SlotGenerationTest@4e80e1b5</td></tr>
<tr>
<td title='sailotech.com.EzScheduler.consumerTests.PatientAppointmentBookingTest.TC04_slot_booking()'><b>TC04_slot_booking</b><br>Test class: sailotech.com.EzScheduler.consumerTests.PatientAppointmentBookingTest<br>Test method: Booked an appointment successfully</td>
<td></td>
<td>196</td>
<td>sailotech.com.EzScheduler.consumerTests.PatientAppointmentBookingTest@5c98f64f</td></tr>
<tr>
<td title='sailotech.com.EzScheduler.providerTests.SlotGenerationTest.TC05_Check_the_slots_generated()'><b>TC05_Check_the_slots_generated</b><br>Test class: sailotech.com.EzScheduler.providerTests.SlotGenerationTest<br>Test method: Navigates to the slot generation screen</td>
<td></td>
<td>13</td>
<td>sailotech.com.EzScheduler.providerTests.SlotGenerationTest@4e80e1b5</td></tr>
<tr>
<td title='sailotech.com.EzScheduler.adminTests.VerifyDoctorsTest.TC06_Check_verified_Doctor()'><b>TC06_Check_verified_Doctor</b><br>Test class: sailotech.com.EzScheduler.adminTests.VerifyDoctorsTest<br>Test method: Check for the verified Doctor</td>
<td></td>
<td>152</td>
<td>sailotech.com.EzScheduler.adminTests.VerifyDoctorsTest@20acb87</td></tr>
<tr>
<td title='sailotech.com.EzScheduler.providerTests.SlotGenerationTest.TC06_Doctor_Logout()'><b>TC06_Doctor_Logout</b><br>Test class: sailotech.com.EzScheduler.providerTests.SlotGenerationTest<br>Test method: Logout after success</td>
<td></td>
<td>3</td>
<td>sailotech.com.EzScheduler.providerTests.SlotGenerationTest@4e80e1b5</td></tr>
</table><p>
</body>
</html>