{
  "uid" : "2d26514b3b4852cc",
  "name" : "TC04_otpPage",
  "fullName" : "sailotech.com.EzScheduler.patientTests.PatientRegistrationTest.TC04_otpPage",
  "historyId" : "2775870f6f66f42b69aaa1723e56c94e",
  "time" : {
    "start" : 1608207199826,
    "stop" : 1608207214833,
    "duration" : 15007
  },
  "description" : "Patient Registration Page",
  "descriptionHtml" : "<p>Patient Registration Page</p>\n",
  "status" : "broken",
  "statusMessage" : "TimeoutException: Expected condition failed: waiting for element to be clickable: Proxy element for: DefaultElementLocator 'By.name: otp' (tried for 10 second(s) with 500 milliseconds interval)",
  "statusTrace" : "org.openqa.selenium.TimeoutException: Expected condition failed: waiting for element to be clickable: Proxy element for: DefaultElementLocator 'By.name: otp' (tried for 10 second(s) with 500 milliseconds interval)\r\n\tat org.openqa.selenium.support.ui.WebDriverWait.timeoutException(WebDriverWait.java:95)\r\n\tat org.openqa.selenium.support.ui.FluentWait.until(FluentWait.java:272)\r\n\tat sailotech.com.EzScheduler.patientPages.PatientRegistration.otpPage(PatientRegistration.java:95)\r\n\tat sailotech.com.EzScheduler.patientTests.PatientRegistrationTest.TC04_otpPage(PatientRegistrationTest.java:49)\r\n\tat java.base/jdk.internal.reflect.NativeMethodAccessorImpl.invoke0(Native Method)\r\n\tat java.base/jdk.internal.reflect.NativeMethodAccessorImpl.invoke(NativeMethodAccessorImpl.java:62)\r\n\tat java.base/jdk.internal.reflect.DelegatingMethodAccessorImpl.invoke(DelegatingMethodAccessorImpl.java:43)\r\n\tat java.base/java.lang.reflect.Method.invoke(Method.java:566)\r\n\tat org.testng.internal.MethodInvocationHelper.invokeMethod(MethodInvocationHelper.java:124)\r\n\tat org.testng.internal.Invoker.invokeMethod(Invoker.java:583)\r\n\tat org.testng.internal.Invoker.invokeTestMethod(Invoker.java:719)\r\n\tat org.testng.internal.Invoker.invokeTestMethods(Invoker.java:989)\r\n\tat org.testng.internal.TestMethodWorker.invokeTestMethods(TestMethodWorker.java:125)\r\n\tat org.testng.internal.TestMethodWorker.run(TestMethodWorker.java:109)\r\n\tat org.testng.TestRunner.privateRun(TestRunner.java:648)\r\n\tat org.testng.TestRunner.run(TestRunner.java:505)\r\n\tat org.testng.SuiteRunner.runTest(SuiteRunner.java:455)\r\n\tat org.testng.SuiteRunner.runSequentially(SuiteRunner.java:450)\r\n\tat org.testng.SuiteRunner.privateRun(SuiteRunner.java:415)\r\n\tat org.testng.SuiteRunner.run(SuiteRunner.java:364)\r\n\tat org.testng.SuiteRunnerWorker.runSuite(SuiteRunnerWorker.java:52)\r\n\tat org.testng.SuiteRunnerWorker.run(SuiteRunnerWorker.java:84)\r\n\tat org.testng.TestNG.runSuitesSequentially(TestNG.java:1208)\r\n\tat org.testng.TestNG.runSuitesLocally(TestNG.java:1137)\r\n\tat org.testng.TestNG.runSuites(TestNG.java:1049)\r\n\tat org.testng.TestNG.run(TestNG.java:1017)\r\n\tat org.testng.remote.AbstractRemoteTestNG.run(AbstractRemoteTestNG.java:115)\r\n\tat org.testng.remote.RemoteTestNG.initAndRun(RemoteTestNG.java:251)\r\n\tat org.testng.remote.RemoteTestNG.main(RemoteTestNG.java:77)\r\nCaused by: org.openqa.selenium.NoSuchElementException: no such element: Unable to locate element: {\"method\":\"name\",\"selector\":\"otp\"}\n  (Session info: chrome=87.0.4280.88)\n  (Driver info: chromedriver=2.36.540470 (e522d04694c7ebea4ba8821272dbef4f9b818c91),platform=Windows NT 10.0.19041 x86_64) (WARNING: The server did not provide any stacktrace information)\nCommand duration or timeout: 0 milliseconds\nFor documentation on this error, please visit: https://www.seleniumhq.org/exceptions/no_such_element.html\nBuild info: version: '3.141.59', revision: 'e82be7d358', time: '2018-11-14T08:17:03'\nSystem info: host: 'DESKTOP-OGS304U', ip: '192.168.0.7', os.name: 'Windows 10', os.arch: 'amd64', os.version: '10.0', java.version: '11.0.7'\nDriver info: org.openqa.selenium.chrome.ChromeDriver\nCapabilities {acceptInsecureCerts: false, acceptSslCerts: false, applicationCacheEnabled: false, browserConnectionEnabled: false, browserName: chrome, chrome: {chromedriverVersion: 2.36.540470 (e522d04694c7eb..., userDataDir: C:\\Users\\HP\\AppData\\Local\\T...}, cssSelectorsEnabled: true, databaseEnabled: false, handlesAlerts: true, hasTouchScreen: false, javascriptEnabled: true, locationContextEnabled: true, mobileEmulationEnabled: false, nativeEvents: true, networkConnectionEnabled: false, pageLoadStrategy: normal, platform: XP, platformName: XP, rotatable: false, setWindowRect: true, takesHeapSnapshot: true, takesScreenshot: true, unexpectedAlertBehaviour: , unhandledPromptBehavior: , version: 87.0.4280.88, webStorageEnabled: true}\nSession ID: 42fa88e3b2f98ac22b83e53f35eaa883\n*** Element info: {Using=name, value=otp}\r\n\tat java.base/jdk.internal.reflect.NativeConstructorAccessorImpl.newInstance0(Native Method)\r\n\tat java.base/jdk.internal.reflect.NativeConstructorAccessorImpl.newInstance(NativeConstructorAccessorImpl.java:62)\r\n\tat java.base/jdk.internal.reflect.DelegatingConstructorAccessorImpl.newInstance(DelegatingConstructorAccessorImpl.java:45)\r\n\tat java.base/java.lang.reflect.Constructor.newInstance(Constructor.java:490)\r\n\tat org.openqa.selenium.remote.ErrorHandler.createThrowable(ErrorHandler.java:214)\r\n\tat org.openqa.selenium.remote.ErrorHandler.throwIfResponseFailed(ErrorHandler.java:166)\r\n\tat org.openqa.selenium.remote.http.JsonHttpResponseCodec.reconstructValue(JsonHttpResponseCodec.java:40)\r\n\tat org.openqa.selenium.remote.http.AbstractHttpResponseCodec.decode(AbstractHttpResponseCodec.java:80)\r\n\tat org.openqa.selenium.remote.http.AbstractHttpResponseCodec.decode(AbstractHttpResponseCodec.java:44)\r\n\tat org.openqa.selenium.remote.HttpCommandExecutor.execute(HttpCommandExecutor.java:158)\r\n\tat org.openqa.selenium.remote.service.DriverCommandExecutor.execute(DriverCommandExecutor.java:83)\r\n\tat org.openqa.selenium.remote.RemoteWebDriver.execute(RemoteWebDriver.java:552)\r\n\tat org.openqa.selenium.remote.RemoteWebDriver.findElement(RemoteWebDriver.java:323)\r\n\tat org.openqa.selenium.remote.RemoteWebDriver.findElementByName(RemoteWebDriver.java:404)\r\n\tat org.openqa.selenium.By$ByName.findElement(By.java:284)\r\n\tat org.openqa.selenium.remote.RemoteWebDriver.findElement(RemoteWebDriver.java:315)\r\n\tat org.openqa.selenium.support.pagefactory.DefaultElementLocator.findElement(DefaultElementLocator.java:69)\r\n\tat org.openqa.selenium.support.pagefactory.internal.LocatingElementHandler.invoke(LocatingElementHandler.java:38)\r\n\tat com.sun.proxy.$Proxy17.isDisplayed(Unknown Source)\r\n\tat org.openqa.selenium.support.ui.ExpectedConditions.elementIfVisible(ExpectedConditions.java:314)\r\n\tat org.openqa.selenium.support.ui.ExpectedConditions.access$000(ExpectedConditions.java:43)\r\n\tat org.openqa.selenium.support.ui.ExpectedConditions$10.apply(ExpectedConditions.java:300)\r\n\tat org.openqa.selenium.support.ui.ExpectedConditions$10.apply(ExpectedConditions.java:297)\r\n\tat org.openqa.selenium.support.ui.ExpectedConditions$23.apply(ExpectedConditions.java:670)\r\n\tat org.openqa.selenium.support.ui.ExpectedConditions$23.apply(ExpectedConditions.java:666)\r\n\tat org.openqa.selenium.support.ui.FluentWait.until(FluentWait.java:249)\r\n\t... 27 more\r\n",
  "flaky" : false,
  "newFailed" : false,
  "beforeStages" : [ ],
  "afterStages" : [ ],
  "labels" : [ {
    "name" : "framework",
    "value" : "TestNG"
  }, {
    "name" : "host",
    "value" : "DESKTOP-OGS304U"
  }, {
    "name" : "language",
    "value" : "JAVA"
  }, {
    "name" : "testClass",
    "value" : "sailotech.com.EzScheduler.patientTests.PatientRegistrationTest"
  }, {
    "name" : "testGroup",
    "value" : "Smoke Test Cases"
  }, {
    "name" : "testMethod",
    "value" : "TC04_otpPage"
  }, {
    "name" : "testSuite",
    "value" : "Smoke Test"
  }, {
    "name" : "thread",
    "value" : "16188@DESKTOP-OGS304U.main(1)"
  }, {
    "name" : "parentSuite",
    "value" : "Smoke Test"
  }, {
    "name" : "suite",
    "value" : "Smoke Test Cases"
  }, {
    "name" : "subSuite",
    "value" : "sailotech.com.EzScheduler.patientTests.PatientRegistrationTest"
  }, {
    "name" : "package",
    "value" : "sailotech.com.EzScheduler.patientTests.PatientRegistrationTest"
  }, {
    "name" : "resultFormat",
    "value" : "allure1"
  } ],
  "parameters" : [ ],
  "links" : [ ],
  "hidden" : false,
  "retry" : false,
  "extra" : {
    "severity" : "normal",
    "retries" : [ {
      "uid" : "c4b37e7ea70448",
      "status" : "broken",
      "statusDetails" : "TimeoutException: Expected condition failed: waiting for element to be clickable: Proxy element for: DefaultElementLocator 'By.name: otp' (tried for 10 second(s) with 500 milliseconds interval)",
      "time" : {
        "start" : 1608206092971,
        "stop" : 1608206107738,
        "duration" : 14767
      }
    }, {
      "uid" : "bff89c94a0482587",
      "status" : "broken",
      "statusDetails" : "TimeoutException: Expected condition failed: waiting for element to be clickable: Proxy element for: DefaultElementLocator 'By.name: otp' (tried for 10 second(s) with 500 milliseconds interval)",
      "time" : {
        "start" : 1608193749145,
        "stop" : 1608193766318,
        "duration" : 17173
      }
    }, {
      "uid" : "5ad0ebfbc39201c2",
      "status" : "broken",
      "statusDetails" : "TimeoutException: Expected condition failed: waiting for element to be clickable: Proxy element for: DefaultElementLocator 'By.name: otp' (tried for 10 second(s) with 500 milliseconds interval)",
      "time" : {
        "start" : 1608192511340,
        "stop" : 1608192526377,
        "duration" : 15037
      }
    }, {
      "uid" : "67d1012c9c0c42e2",
      "status" : "broken",
      "statusDetails" : "TimeoutException: Expected condition failed: waiting for element to be clickable: Proxy element for: DefaultElementLocator 'By.name: otp' (tried for 10 second(s) with 500 milliseconds interval)",
      "time" : {
        "start" : 1608191494231,
        "stop" : 1608191511298,
        "duration" : 17067
      }
    }, {
      "uid" : "9749fe37cb6b6684",
      "status" : "passed",
      "time" : {
        "start" : 1605614154724,
        "stop" : 1605614157752,
        "duration" : 3028
      }
    }, {
      "uid" : "48296ab62a556c11",
      "status" : "passed",
      "time" : {
        "start" : 1605613933796,
        "stop" : 1605613936821,
        "duration" : 3025
      }
    }, {
      "uid" : "af399ea821ca3b61",
      "status" : "passed",
      "time" : {
        "start" : 1605613630404,
        "stop" : 1605613633492,
        "duration" : 3088
      }
    }, {
      "uid" : "d3b4a3eacbfc7551",
      "status" : "passed",
      "time" : {
        "start" : 1605613466279,
        "stop" : 1605613469614,
        "duration" : 3335
      }
    }, {
      "uid" : "e04db96b68eebd14",
      "status" : "passed",
      "time" : {
        "start" : 1605613171083,
        "stop" : 1605613174288,
        "duration" : 3205
      }
    }, {
      "uid" : "515005a58a03e5",
      "status" : "passed",
      "time" : {
        "start" : 1605612989180,
        "stop" : 1605612992155,
        "duration" : 2975
      }
    }, {
      "uid" : "cb57f21b85638cc5",
      "status" : "broken",
      "statusDetails" : "TimeoutException: Expected condition failed: waiting for element to be clickable: Proxy element for: DefaultElementLocator 'By.name: name' (tried for 10 second(s) with 500 milliseconds interval)",
      "time" : {
        "start" : 1605612738808,
        "stop" : 1605612755845,
        "duration" : 17037
      }
    }, {
      "uid" : "63fcebbfa442b4bd",
      "status" : "passed",
      "time" : {
        "start" : 1605612449065,
        "stop" : 1605612451654,
        "duration" : 2589
      }
    }, {
      "uid" : "ce1c2afeb879292c",
      "status" : "passed",
      "time" : {
        "start" : 1605612164456,
        "stop" : 1605612166941,
        "duration" : 2485
      }
    }, {
      "uid" : "974de4cce0a4b09d",
      "status" : "passed",
      "time" : {
        "start" : 1605611881214,
        "stop" : 1605611883825,
        "duration" : 2611
      }
    } ],
    "categories" : [ {
      "name" : "Test defects",
      "matchedStatuses" : [ ],
      "flaky" : false
    } ],
    "history" : {
      "statistic" : {
        "failed" : 0,
        "broken" : 3,
        "skipped" : 0,
        "passed" : 0,
        "unknown" : 0,
        "total" : 3
      },
      "items" : [ {
        "uid" : "3b4a0e6cc4f7ff0c",
        "reportUrl" : "http://localhost:8080/job/EzScheduler/19/allure/#testresult/3b4a0e6cc4f7ff0c",
        "status" : "broken",
        "statusDetails" : "TimeoutException: Expected condition failed: waiting for element to be clickable: Proxy element for: DefaultElementLocator 'By.name: otp' (tried for 10 second(s) with 500 milliseconds interval)",
        "time" : {
          "start" : 1608207199826,
          "stop" : 1608207214833,
          "duration" : 15007
        }
      }, {
        "uid" : "e455a93e931d3a26",
        "reportUrl" : "http://localhost:8080/job/EzScheduler/18/allure/#testresult/e455a93e931d3a26",
        "status" : "broken",
        "statusDetails" : "TimeoutException: Expected condition failed: waiting for element to be clickable: Proxy element for: DefaultElementLocator 'By.name: otp' (tried for 10 second(s) with 500 milliseconds interval)",
        "time" : {
          "start" : 1608207199826,
          "stop" : 1608207214833,
          "duration" : 15007
        }
      } ]
    },
    "tags" : [ ]
  },
  "source" : "2d26514b3b4852cc.json",
  "parameterValues" : [ ]
}