{
  "uid" : "e79435eda3e78223",
  "name" : "TC04_Generate_slots_on_GenerateSlots_Page",
  "fullName" : "sailotech.com.EzScheduler.doctorTests.SlotGenerationTest.TC04_Generate_slots_on_GenerateSlots_Page",
  "historyId" : "4f0174afc9e4d365991671f78caf38b0",
  "time" : {
    "start" : 1609938175935,
    "stop" : 1609938189266,
    "duration" : 13331
  },
  "description" : "Check the dates for which the slots generated",
  "descriptionHtml" : "<p>Check the dates for which the slots generated</p>\n",
  "status" : "passed",
  "flaky" : false,
  "newFailed" : false,
  "beforeStages" : [ ],
  "testStage" : {
    "status" : "passed",
    "steps" : [ {
      "name" : "Check the dates for which the slots generated",
      "time" : {
        "start" : 1609938175937,
        "stop" : 1609938189253,
        "duration" : 13316
      },
      "status" : "passed",
      "steps" : [ ],
      "attachments" : [ ],
      "parameters" : [ ],
      "hasContent" : false,
      "stepsCount" : 0,
      "attachmentsCount" : 0,
      "shouldDisplayMessage" : false
    } ],
    "attachments" : [ ],
    "parameters" : [ ],
    "hasContent" : true,
    "stepsCount" : 1,
    "attachmentsCount" : 0,
    "shouldDisplayMessage" : false
  },
  "afterStages" : [ ],
  "labels" : [ {
    "name" : "framework",
    "value" : "TestNG"
  }, {
    "name" : "host",
    "value" : "DESKTOP-OGS304U"
  }, {
    "name" : "language",
    "value" : "JAVA"
  }, {
    "name" : "testClass",
    "value" : "sailotech.com.EzScheduler.doctorTests.SlotGenerationTest"
  }, {
    "name" : "testGroup",
    "value" : "Default test"
  }, {
    "name" : "testId",
    "value" : "TC_04"
  }, {
    "name" : "testMethod",
    "value" : "TC04_Generate_slots_on_GenerateSlots_Page"
  }, {
    "name" : "testSuite",
    "value" : "Default suite"
  }, {
    "name" : "thread",
    "value" : "12128@DESKTOP-OGS304U.main(1)"
  }, {
    "name" : "parentSuite",
    "value" : "Default suite"
  }, {
    "name" : "suite",
    "value" : "Default test"
  }, {
    "name" : "subSuite",
    "value" : "sailotech.com.EzScheduler.doctorTests.SlotGenerationTest"
  }, {
    "name" : "package",
    "value" : "sailotech.com.EzScheduler.doctorTests.SlotGenerationTest"
  }, {
    "name" : "resultFormat",
    "value" : "allure1"
  } ],
  "parameters" : [ ],
  "links" : [ {
    "name" : "TC_04",
    "url" : "TC_04",
    "type" : "tms"
  } ],
  "hidden" : false,
  "retry" : false,
  "extra" : {
    "severity" : "normal",
    "retries" : [ {
      "uid" : "a667d9f26090f630",
      "status" : "broken",
      "statusDetails" : "NoSuchElementException: no such element: Unable to locate element: {\"method\":\"xpath\",\"selector\":\"//button[contains(text(),'Month')]\"}\n  (Session info: chrome=87.0.4280.88)\n  (Driver info: chromedriver=2.36.540470 (e522d04694c7ebea4ba8821272dbef4f9b818c91),platform=Windows NT 10.0.19041 x86_64) (WARNING: The server did not provide any stacktrace information)\nCommand duration or timeout: 0 milliseconds\nFor documentation on this error, please visit: https://www.seleniumhq.org/exceptions/no_such_element.html\nBuild info: version: '3.141.59', revision: 'e82be7d358', time: '2018-11-14T08:17:03'\nSystem info: host: 'DESKTOP-OGS304U', ip: '192.168.0.8', os.name: 'Windows 10', os.arch: 'amd64', os.version: '10.0', java.version: '11.0.7'\nDriver info: org.openqa.selenium.chrome.ChromeDriver\nCapabilities {acceptInsecureCerts: false, acceptSslCerts: false, applicationCacheEnabled: false, browserConnectionEnabled: false, browserName: chrome, chrome: {chromedriverVersion: 2.36.540470 (e522d04694c7eb..., userDataDir: C:\\Users\\HP\\AppData\\Local\\T...}, cssSelectorsEnabled: true, databaseEnabled: false, handlesAlerts: true, hasTouchScreen: false, javascriptEnabled: true, locationContextEnabled: true, mobileEmulationEnabled: false, nativeEvents: true, networkConnectionEnabled: false, pageLoadStrategy: normal, platform: XP, platformName: XP, rotatable: false, setWindowRect: true, takesHeapSnapshot: true, takesScreenshot: true, unexpectedAlertBehaviour: , unhandledPromptBehavior: , version: 87.0.4280.88, webStorageEnabled: true}\nSession ID: 5de0716ef87072a7231f6ff4c8543f4a\n*** Element info: {Using=xpath, value=//button[contains(text(),'Month')]}",
      "time" : {
        "start" : 1609937330614,
        "stop" : 1609937337018,
        "duration" : 6404
      }
    }, {
      "uid" : "8e23520246391026",
      "status" : "skipped",
      "statusDetails" : ": Skipped due to dependency on other skipped or failed test methods",
      "time" : {
        "start" : 1609934604877,
        "stop" : 1609934604880,
        "duration" : 3
      }
    }, {
      "uid" : "f31df35e192d2e1c",
      "status" : "broken",
      "statusDetails" : "NoSuchElementException: no such element: Unable to locate element: {\"method\":\"xpath\",\"selector\":\"//button[contains(text(),'Month')]\"}\n  (Session info: chrome=87.0.4280.88)\n  (Driver info: chromedriver=2.36.540470 (e522d04694c7ebea4ba8821272dbef4f9b818c91),platform=Windows NT 10.0.19041 x86_64) (WARNING: The server did not provide any stacktrace information)\nCommand duration or timeout: 0 milliseconds\nFor documentation on this error, please visit: https://www.seleniumhq.org/exceptions/no_such_element.html\nBuild info: version: '3.141.59', revision: 'e82be7d358', time: '2018-11-14T08:17:03'\nSystem info: host: 'DESKTOP-OGS304U', ip: '192.168.43.27', os.name: 'Windows 10', os.arch: 'amd64', os.version: '10.0', java.version: '11.0.7'\nDriver info: org.openqa.selenium.chrome.ChromeDriver\nCapabilities {acceptInsecureCerts: false, acceptSslCerts: false, applicationCacheEnabled: false, browserConnectionEnabled: false, browserName: chrome, chrome: {chromedriverVersion: 2.36.540470 (e522d04694c7eb..., userDataDir: C:\\Users\\HP\\AppData\\Local\\T...}, cssSelectorsEnabled: true, databaseEnabled: false, handlesAlerts: true, hasTouchScreen: false, javascriptEnabled: true, locationContextEnabled: true, mobileEmulationEnabled: false, nativeEvents: true, networkConnectionEnabled: false, pageLoadStrategy: normal, platform: XP, platformName: XP, rotatable: false, setWindowRect: true, takesHeapSnapshot: true, takesScreenshot: true, unexpectedAlertBehaviour: , unhandledPromptBehavior: , version: 87.0.4280.88, webStorageEnabled: true}\nSession ID: d5ee4e4e28db7be127cf2ce60d2a2856\n*** Element info: {Using=xpath, value=//button[contains(text(),'Month')]}",
      "time" : {
        "start" : 1609145899606,
        "stop" : 1609145906299,
        "duration" : 6693
      }
    }, {
      "uid" : "47d3e00eeeeb17b8",
      "status" : "broken",
      "statusDetails" : "NoSuchElementException: no such element: Unable to locate element: {\"method\":\"xpath\",\"selector\":\"//button[contains(text(),'Month')]\"}\n  (Session info: chrome=87.0.4280.88)\n  (Driver info: chromedriver=2.36.540470 (e522d04694c7ebea4ba8821272dbef4f9b818c91),platform=Windows NT 10.0.19041 x86_64) (WARNING: The server did not provide any stacktrace information)\nCommand duration or timeout: 0 milliseconds\nFor documentation on this error, please visit: https://www.seleniumhq.org/exceptions/no_such_element.html\nBuild info: version: '3.141.59', revision: 'e82be7d358', time: '2018-11-14T08:17:03'\nSystem info: host: 'DESKTOP-OGS304U', ip: '192.168.43.27', os.name: 'Windows 10', os.arch: 'amd64', os.version: '10.0', java.version: '11.0.7'\nDriver info: org.openqa.selenium.chrome.ChromeDriver\nCapabilities {acceptInsecureCerts: false, acceptSslCerts: false, applicationCacheEnabled: false, browserConnectionEnabled: false, browserName: chrome, chrome: {chromedriverVersion: 2.36.540470 (e522d04694c7eb..., userDataDir: C:\\Users\\HP\\AppData\\Local\\T...}, cssSelectorsEnabled: true, databaseEnabled: false, handlesAlerts: true, hasTouchScreen: false, javascriptEnabled: true, locationContextEnabled: true, mobileEmulationEnabled: false, nativeEvents: true, networkConnectionEnabled: false, pageLoadStrategy: normal, platform: XP, platformName: XP, rotatable: false, setWindowRect: true, takesHeapSnapshot: true, takesScreenshot: true, unexpectedAlertBehaviour: , unhandledPromptBehavior: , version: 87.0.4280.88, webStorageEnabled: true}\nSession ID: 83181c022a30002d29d799356e98eb38\n*** Element info: {Using=xpath, value=//button[contains(text(),'Month')]}",
      "time" : {
        "start" : 1609145753526,
        "stop" : 1609145760095,
        "duration" : 6569
      }
    }, {
      "uid" : "36dbd00d0d6b94fd",
      "status" : "broken",
      "statusDetails" : "NoSuchElementException: no such element: Unable to locate element: {\"method\":\"xpath\",\"selector\":\"//button[contains(text(),'Month')]\"}\n  (Session info: chrome=87.0.4280.88)\n  (Driver info: chromedriver=2.36.540470 (e522d04694c7ebea4ba8821272dbef4f9b818c91),platform=Windows NT 10.0.19041 x86_64) (WARNING: The server did not provide any stacktrace information)\nCommand duration or timeout: 0 milliseconds\nFor documentation on this error, please visit: https://www.seleniumhq.org/exceptions/no_such_element.html\nBuild info: version: '3.141.59', revision: 'e82be7d358', time: '2018-11-14T08:17:03'\nSystem info: host: 'DESKTOP-OGS304U', ip: '192.168.43.27', os.name: 'Windows 10', os.arch: 'amd64', os.version: '10.0', java.version: '11.0.7'\nDriver info: org.openqa.selenium.chrome.ChromeDriver\nCapabilities {acceptInsecureCerts: false, acceptSslCerts: false, applicationCacheEnabled: false, browserConnectionEnabled: false, browserName: chrome, chrome: {chromedriverVersion: 2.36.540470 (e522d04694c7eb..., userDataDir: C:\\Users\\HP\\AppData\\Local\\T...}, cssSelectorsEnabled: true, databaseEnabled: false, handlesAlerts: true, hasTouchScreen: false, javascriptEnabled: true, locationContextEnabled: true, mobileEmulationEnabled: false, nativeEvents: true, networkConnectionEnabled: false, pageLoadStrategy: normal, platform: XP, platformName: XP, rotatable: false, setWindowRect: true, takesHeapSnapshot: true, takesScreenshot: true, unexpectedAlertBehaviour: , unhandledPromptBehavior: , version: 87.0.4280.88, webStorageEnabled: true}\nSession ID: d6d1379a21058f790fa30207ec463222\n*** Element info: {Using=xpath, value=//button[contains(text(),'Month')]}",
      "time" : {
        "start" : 1609145400172,
        "stop" : 1609145406910,
        "duration" : 6738
      }
    }, {
      "uid" : "3a171e66eb48848c",
      "status" : "passed",
      "time" : {
        "start" : 1609145098052,
        "stop" : 1609145100621,
        "duration" : 2569
      }
    }, {
      "uid" : "67226cdb8442f1a8",
      "status" : "passed",
      "time" : {
        "start" : 1609138446273,
        "stop" : 1609138448931,
        "duration" : 2658
      }
    }, {
      "uid" : "49c206c075ef8d50",
      "status" : "passed",
      "time" : {
        "start" : 1608638123957,
        "stop" : 1608638174601,
        "duration" : 50644
      }
    }, {
      "uid" : "2f3f3d3a1843333b",
      "status" : "broken",
      "statusDetails" : "TimeoutException: Expected condition failed: waiting for element to be clickable: Proxy element for: DefaultElementLocator 'By.name: toDate' (tried for 30 second(s) with 500 milliseconds interval)",
      "time" : {
        "start" : 1608637431829,
        "stop" : 1608637472563,
        "duration" : 40734
      }
    }, {
      "uid" : "73eb05dacd80d4a8",
      "status" : "broken",
      "statusDetails" : "TimeoutException: Expected condition failed: waiting for element to be clickable: Proxy element for: DefaultElementLocator 'By.name: toDate' (tried for 30 second(s) with 500 milliseconds interval)",
      "time" : {
        "start" : 1608637029004,
        "stop" : 1608637069261,
        "duration" : 40257
      }
    }, {
      "uid" : "be4f126c4e1b6cb7",
      "status" : "broken",
      "statusDetails" : "WebDriverException: unknown error: cannot focus element\n  (Session info: chrome=87.0.4280.88)\n  (Driver info: chromedriver=2.36.540470 (e522d04694c7ebea4ba8821272dbef4f9b818c91),platform=Windows NT 10.0.19041 x86_64) (WARNING: The server did not provide any stacktrace information)\nCommand duration or timeout: 0 milliseconds\nBuild info: version: '3.141.59', revision: 'e82be7d358', time: '2018-11-14T08:17:03'\nSystem info: host: 'DESKTOP-OGS304U', ip: '192.168.0.8', os.name: 'Windows 10', os.arch: 'amd64', os.version: '10.0', java.version: '11.0.7'\nDriver info: org.openqa.selenium.chrome.ChromeDriver\nCapabilities {acceptInsecureCerts: false, acceptSslCerts: false, applicationCacheEnabled: false, browserConnectionEnabled: false, browserName: chrome, chrome: {chromedriverVersion: 2.36.540470 (e522d04694c7eb..., userDataDir: C:\\Users\\HP\\AppData\\Local\\T...}, cssSelectorsEnabled: true, databaseEnabled: false, handlesAlerts: true, hasTouchScreen: false, javascriptEnabled: true, locationContextEnabled: true, mobileEmulationEnabled: false, nativeEvents: true, networkConnectionEnabled: false, pageLoadStrategy: normal, platform: XP, platformName: XP, rotatable: false, setWindowRect: true, takesHeapSnapshot: true, takesScreenshot: true, unexpectedAlertBehaviour: , unhandledPromptBehavior: , version: 87.0.4280.88, webStorageEnabled: true}\nSession ID: 0e07cfffad28fda908465dbd9f8e9782",
      "time" : {
        "start" : 1608633179916,
        "stop" : 1608633187288,
        "duration" : 7372
      }
    }, {
      "uid" : "8b5a1d4650f4d9a",
      "status" : "broken",
      "statusDetails" : "WebDriverException: unknown error: cannot focus element\n  (Session info: chrome=87.0.4280.88)\n  (Driver info: chromedriver=2.36.540470 (e522d04694c7ebea4ba8821272dbef4f9b818c91),platform=Windows NT 10.0.19041 x86_64) (WARNING: The server did not provide any stacktrace information)\nCommand duration or timeout: 0 milliseconds\nBuild info: version: '3.141.59', revision: 'e82be7d358', time: '2018-11-14T08:17:03'\nSystem info: host: 'DESKTOP-OGS304U', ip: '192.168.0.8', os.name: 'Windows 10', os.arch: 'amd64', os.version: '10.0', java.version: '11.0.7'\nDriver info: org.openqa.selenium.chrome.ChromeDriver\nCapabilities {acceptInsecureCerts: false, acceptSslCerts: false, applicationCacheEnabled: false, browserConnectionEnabled: false, browserName: chrome, chrome: {chromedriverVersion: 2.36.540470 (e522d04694c7eb..., userDataDir: C:\\Users\\HP\\AppData\\Local\\T...}, cssSelectorsEnabled: true, databaseEnabled: false, handlesAlerts: true, hasTouchScreen: false, javascriptEnabled: true, locationContextEnabled: true, mobileEmulationEnabled: false, nativeEvents: true, networkConnectionEnabled: false, pageLoadStrategy: normal, platform: XP, platformName: XP, rotatable: false, setWindowRect: true, takesHeapSnapshot: true, takesScreenshot: true, unexpectedAlertBehaviour: , unhandledPromptBehavior: , version: 87.0.4280.88, webStorageEnabled: true}\nSession ID: ee1e3ec3c5d6869ddb2175abfd644e47",
      "time" : {
        "start" : 1608632733756,
        "stop" : 1608632740987,
        "duration" : 7231
      }
    }, {
      "uid" : "94538feda05241ed",
      "status" : "broken",
      "statusDetails" : "TimeoutException: Expected condition failed: waiting for element to be clickable: Proxy element for: DefaultElementLocator 'By.xpath: //input[@name='facility']]' (tried for 30 second(s) with 500 milliseconds interval)",
      "time" : {
        "start" : 1608272293429,
        "stop" : 1608272330021,
        "duration" : 36592
      }
    }, {
      "uid" : "a19177340553ddc0",
      "status" : "passed",
      "time" : {
        "start" : 1608206915690,
        "stop" : 1608206982911,
        "duration" : 67221
      }
    }, {
      "uid" : "d85771b222f1a715",
      "status" : "passed",
      "time" : {
        "start" : 1608205886920,
        "stop" : 1608205953056,
        "duration" : 66136
      }
    }, {
      "uid" : "52fbc8c3964ecb6",
      "status" : "passed",
      "time" : {
        "start" : 1608193532205,
        "stop" : 1608193601538,
        "duration" : 69333
      }
    }, {
      "uid" : "28993f2a424a3aa0",
      "status" : "passed",
      "time" : {
        "start" : 1608192290499,
        "stop" : 1608192357579,
        "duration" : 67080
      }
    }, {
      "uid" : "8753d4c833fc216e",
      "status" : "passed",
      "time" : {
        "start" : 1608191278007,
        "stop" : 1608191347255,
        "duration" : 69248
      }
    } ],
    "categories" : [ ],
    "history" : {
      "statistic" : {
        "failed" : 0,
        "broken" : 0,
        "skipped" : 0,
        "passed" : 3,
        "unknown" : 0,
        "total" : 3
      },
      "items" : [ {
        "uid" : "d1b549f67db10dc1",
        "reportUrl" : "http://localhost:8080/job/EzScheduler/19/allure/#testresult/d1b549f67db10dc1",
        "status" : "passed",
        "time" : {
          "start" : 1609938175935,
          "stop" : 1609938189266,
          "duration" : 13331
        }
      }, {
        "uid" : "64c951caa172009",
        "reportUrl" : "http://localhost:8080/job/EzScheduler/18/allure/#testresult/64c951caa172009",
        "status" : "passed",
        "time" : {
          "start" : 1609938175935,
          "stop" : 1609938189266,
          "duration" : 13331
        }
      } ]
    },
    "tags" : [ ]
  },
  "source" : "e79435eda3e78223.json",
  "parameterValues" : [ ]
}