{
  "uid" : "ec493c550708e769",
  "name" : "TC04_slot_booking",
  "fullName" : "sailotech.com.EzScheduler.patientTests.PatientAppointmentBookingTest.TC04_slot_booking",
  "historyId" : "bd4fb006fb44c241591e09b72c06ca1f",
  "time" : {
    "start" : 1610084301940,
    "stop" : 1610084331417,
    "duration" : 29477
  },
  "description" : "Book an Appointment for a Doctor",
  "descriptionHtml" : "<p>Book an Appointment for a Doctor</p>\n",
  "status" : "passed",
  "flaky" : false,
  "newFailed" : false,
  "beforeStages" : [ ],
  "testStage" : {
    "status" : "passed",
    "steps" : [ {
      "name" : "Book an Appointment for a Doctor",
      "time" : {
        "start" : 1610084301953,
        "stop" : 1610084331408,
        "duration" : 29455
      },
      "status" : "passed",
      "steps" : [ ],
      "attachments" : [ ],
      "parameters" : [ ],
      "hasContent" : false,
      "stepsCount" : 0,
      "attachmentsCount" : 0,
      "shouldDisplayMessage" : false
    } ],
    "attachments" : [ ],
    "parameters" : [ ],
    "hasContent" : true,
    "stepsCount" : 1,
    "attachmentsCount" : 0,
    "shouldDisplayMessage" : false
  },
  "afterStages" : [ ],
  "labels" : [ {
    "name" : "framework",
    "value" : "TestNG"
  }, {
    "name" : "host",
    "value" : "DESKTOP-OGS304U"
  }, {
    "name" : "language",
    "value" : "JAVA"
  }, {
    "name" : "testClass",
    "value" : "sailotech.com.EzScheduler.patientTests.PatientAppointmentBookingTest"
  }, {
    "name" : "testGroup",
    "value" : "Default test"
  }, {
    "name" : "testId",
    "value" : "TC_04"
  }, {
    "name" : "testMethod",
    "value" : "TC04_slot_booking"
  }, {
    "name" : "testSuite",
    "value" : "Default suite"
  }, {
    "name" : "thread",
    "value" : "11756@DESKTOP-OGS304U.main(1)"
  }, {
    "name" : "parentSuite",
    "value" : "Default suite"
  }, {
    "name" : "suite",
    "value" : "Default test"
  }, {
    "name" : "subSuite",
    "value" : "sailotech.com.EzScheduler.patientTests.PatientAppointmentBookingTest"
  }, {
    "name" : "package",
    "value" : "sailotech.com.EzScheduler.patientTests.PatientAppointmentBookingTest"
  }, {
    "name" : "resultFormat",
    "value" : "allure1"
  } ],
  "parameters" : [ ],
  "links" : [ {
    "name" : "TC_04",
    "url" : "TC_04",
    "type" : "tms"
  } ],
  "hidden" : false,
  "retry" : false,
  "extra" : {
    "severity" : "normal",
    "retries" : [ {
      "uid" : "35f2c2a91f7de869",
      "status" : "passed",
      "time" : {
        "start" : 1610084199943,
        "stop" : 1610084211721,
        "duration" : 11778
      }
    }, {
      "uid" : "ac8dbf5b6e76668a",
      "status" : "passed",
      "time" : {
        "start" : 1610025009427,
        "stop" : 1610025022333,
        "duration" : 12906
      }
    }, {
      "uid" : "ad3e68a5cf154296",
      "status" : "passed",
      "time" : {
        "start" : 1610023432965,
        "stop" : 1610023444654,
        "duration" : 11689
      }
    }, {
      "uid" : "dbf04b074bd5016f",
      "status" : "passed",
      "time" : {
        "start" : 1610023233836,
        "stop" : 1610023274827,
        "duration" : 40991
      }
    }, {
      "uid" : "3cfa757e8480bd7c",
      "status" : "passed",
      "time" : {
        "start" : 1610022741504,
        "stop" : 1610022769388,
        "duration" : 27884
      }
    }, {
      "uid" : "94d44a7b039f74b3",
      "status" : "passed",
      "time" : {
        "start" : 1610022579600,
        "stop" : 1610022593473,
        "duration" : 13873
      }
    }, {
      "uid" : "1f94f8019ea22f31",
      "status" : "broken",
      "statusDetails" : "WebDriverException: java.net.ConnectException: Failed to connect to localhost/0:0:0:0:0:0:0:1:29615\nBuild info: version: '3.141.59', revision: 'e82be7d358', time: '2018-11-14T08:17:03'\nSystem info: host: 'DESKTOP-OGS304U', ip: '192.168.43.27', os.name: 'Windows 10', os.arch: 'amd64', os.version: '10.0', java.version: '11.0.7'\nDriver info: driver.version: RemoteWebDriver",
      "time" : {
        "start" : 1610014245291,
        "stop" : 1610014386864,
        "duration" : 141573
      }
    }, {
      "uid" : "d22ef4b280069872",
      "status" : "broken",
      "statusDetails" : "TimeoutException: Expected condition failed: waiting for element to be clickable: Proxy element for: DefaultElementLocator 'By.xpath: //span[contains(text(),'I Agree')]' (tried for 30 second(s) with 500 milliseconds interval)",
      "time" : {
        "start" : 1610012815179,
        "stop" : 1610012934021,
        "duration" : 118842
      }
    }, {
      "uid" : "35becb3229a5e23c",
      "status" : "broken",
      "statusDetails" : "TimeoutException: Expected condition failed: waiting for element to be clickable: Proxy element for: DefaultElementLocator 'By.xpath: //textarea[@placeholder='Reason cannot be more than 200 characters']' (tried for 30 second(s) with 500 milliseconds interval)",
      "time" : {
        "start" : 1610012515074,
        "stop" : 1610012598345,
        "duration" : 83271
      }
    }, {
      "uid" : "b938bb276728e09e",
      "status" : "broken",
      "statusDetails" : "WebDriverException: java.net.ConnectException: Failed to connect to localhost/0:0:0:0:0:0:0:1:15148\nBuild info: version: '3.141.59', revision: 'e82be7d358', time: '2018-11-14T08:17:03'\nSystem info: host: 'DESKTOP-OGS304U', ip: '192.168.43.27', os.name: 'Windows 10', os.arch: 'amd64', os.version: '10.0', java.version: '11.0.7'\nDriver info: driver.version: RemoteWebDriver",
      "time" : {
        "start" : 1610012200937,
        "stop" : 1610012232446,
        "duration" : 31509
      }
    }, {
      "uid" : "f2bfdaf74a0b138e",
      "status" : "broken",
      "statusDetails" : "TimeoutException: Expected condition failed: waiting for element to be clickable: Proxy element for: DefaultElementLocator 'By.xpath: //textarea[@placeholder='Reason cannot be more than 200 characters']' (tried for 30 second(s) with 500 milliseconds interval)",
      "time" : {
        "start" : 1610008705028,
        "stop" : 1610008809582,
        "duration" : 104554
      }
    }, {
      "uid" : "a8d62099a7052ef5",
      "status" : "passed",
      "time" : {
        "start" : 1610007822359,
        "stop" : 1610007835336,
        "duration" : 12977
      }
    }, {
      "uid" : "7cbe3f48aa32cefa",
      "status" : "passed",
      "time" : {
        "start" : 1610007391294,
        "stop" : 1610007404301,
        "duration" : 13007
      }
    }, {
      "uid" : "c755cdb67c9edf57",
      "status" : "failed",
      "statusDetails" : "AssertionError: expected [https://demo.ezscheduler.io/bookingSuccess] but found [https://demo.ezscheduler.io/?searchTerm=Anthony]",
      "time" : {
        "start" : 1610006862597,
        "stop" : 1610006876520,
        "duration" : 13923
      }
    }, {
      "uid" : "913f00324099a883",
      "status" : "skipped",
      "statusDetails" : ": Skipped due to dependency on other skipped or failed test methods",
      "time" : {
        "start" : 1610001184107,
        "stop" : 1610001184111,
        "duration" : 4
      }
    }, {
      "uid" : "7ded36684cee9750",
      "status" : "skipped",
      "statusDetails" : ": Skipped due to dependency on other skipped or failed test methods",
      "time" : {
        "start" : 1609999401624,
        "stop" : 1609999401627,
        "duration" : 3
      }
    }, {
      "uid" : "7c7895b0672f1ff0",
      "status" : "skipped",
      "statusDetails" : ": Skipped due to dependency on other skipped or failed test methods",
      "time" : {
        "start" : 1609998599799,
        "stop" : 1609998599803,
        "duration" : 4
      }
    }, {
      "uid" : "74deb0c7ec4ceb1e",
      "status" : "broken",
      "statusDetails" : "NoSuchElementException: no such element: Unable to locate element: {\"method\":\"xpath\",\"selector\":\"//span[text() = 'Self']\"}\n  (Session info: chrome=87.0.4280.88)\n  (Driver info: chromedriver=2.36.540470 (e522d04694c7ebea4ba8821272dbef4f9b818c91),platform=Windows NT 10.0.19041 x86_64) (WARNING: The server did not provide any stacktrace information)\nCommand duration or timeout: 0 milliseconds\nFor documentation on this error, please visit: https://www.seleniumhq.org/exceptions/no_such_element.html\nBuild info: version: '3.141.59', revision: 'e82be7d358', time: '2018-11-14T08:17:03'\nSystem info: host: 'DESKTOP-OGS304U', ip: '192.168.0.8', os.name: 'Windows 10', os.arch: 'amd64', os.version: '10.0', java.version: '11.0.7'\nDriver info: org.openqa.selenium.chrome.ChromeDriver\nCapabilities {acceptInsecureCerts: false, acceptSslCerts: false, applicationCacheEnabled: false, browserConnectionEnabled: false, browserName: chrome, chrome: {chromedriverVersion: 2.36.540470 (e522d04694c7eb..., userDataDir: C:\\Users\\HP\\AppData\\Local\\T...}, cssSelectorsEnabled: true, databaseEnabled: false, handlesAlerts: true, hasTouchScreen: false, javascriptEnabled: true, locationContextEnabled: true, mobileEmulationEnabled: false, nativeEvents: true, networkConnectionEnabled: false, pageLoadStrategy: normal, platform: XP, platformName: XP, rotatable: false, setWindowRect: true, takesHeapSnapshot: true, takesScreenshot: true, unexpectedAlertBehaviour: , unhandledPromptBehavior: , version: 87.0.4280.88, webStorageEnabled: true}\nSession ID: 4e8c4a8def379f34389f41ebb1a68f84\n*** Element info: {Using=xpath, value=//span[text() = 'Self']}",
      "time" : {
        "start" : 1609997453389,
        "stop" : 1609997515829,
        "duration" : 62440
      }
    }, {
      "uid" : "8c1c0e7d27a02bb",
      "status" : "broken",
      "statusDetails" : "NoSuchElementException: no such element: Unable to locate element: {\"method\":\"xpath\",\"selector\":\"//*[@id=0]/div/div[3]/div/div/div[2]/span\"}\n  (Session info: chrome=87.0.4280.88)\n  (Driver info: chromedriver=2.36.540470 (e522d04694c7ebea4ba8821272dbef4f9b818c91),platform=Windows NT 10.0.19041 x86_64) (WARNING: The server did not provide any stacktrace information)\nCommand duration or timeout: 0 milliseconds\nFor documentation on this error, please visit: https://www.seleniumhq.org/exceptions/no_such_element.html\nBuild info: version: '3.141.59', revision: 'e82be7d358', time: '2018-11-14T08:17:03'\nSystem info: host: 'DESKTOP-OGS304U', ip: '192.168.0.8', os.name: 'Windows 10', os.arch: 'amd64', os.version: '10.0', java.version: '11.0.7'\nDriver info: org.openqa.selenium.chrome.ChromeDriver\nCapabilities {acceptInsecureCerts: false, acceptSslCerts: false, applicationCacheEnabled: false, browserConnectionEnabled: false, browserName: chrome, chrome: {chromedriverVersion: 2.36.540470 (e522d04694c7eb..., userDataDir: C:\\Users\\HP\\AppData\\Local\\T...}, cssSelectorsEnabled: true, databaseEnabled: false, handlesAlerts: true, hasTouchScreen: false, javascriptEnabled: true, locationContextEnabled: true, mobileEmulationEnabled: false, nativeEvents: true, networkConnectionEnabled: false, pageLoadStrategy: normal, platform: XP, platformName: XP, rotatable: false, setWindowRect: true, takesHeapSnapshot: true, takesScreenshot: true, unexpectedAlertBehaviour: , unhandledPromptBehavior: , version: 87.0.4280.88, webStorageEnabled: true}\nSession ID: b799dd15c9cd8c8174f28b03b4ed18da\n*** Element info: {Using=xpath, value=//*[@id=0]/div/div[3]/div/div/div[2]/span}",
      "time" : {
        "start" : 1609996548628,
        "stop" : 1609996557564,
        "duration" : 8936
      }
    }, {
      "uid" : "783e20ee8814db26",
      "status" : "broken",
      "statusDetails" : "NoSuchElementException: no such element: Unable to locate element: {\"method\":\"xpath\",\"selector\":\"//span[contains(text(),'Self')]\"}\n  (Session info: chrome=87.0.4280.88)\n  (Driver info: chromedriver=2.36.540470 (e522d04694c7ebea4ba8821272dbef4f9b818c91),platform=Windows NT 10.0.19041 x86_64) (WARNING: The server did not provide any stacktrace information)\nCommand duration or timeout: 0 milliseconds\nFor documentation on this error, please visit: https://www.seleniumhq.org/exceptions/no_such_element.html\nBuild info: version: '3.141.59', revision: 'e82be7d358', time: '2018-11-14T08:17:03'\nSystem info: host: 'DESKTOP-OGS304U', ip: '192.168.0.8', os.name: 'Windows 10', os.arch: 'amd64', os.version: '10.0', java.version: '11.0.7'\nDriver info: org.openqa.selenium.chrome.ChromeDriver\nCapabilities {acceptInsecureCerts: false, acceptSslCerts: false, applicationCacheEnabled: false, browserConnectionEnabled: false, browserName: chrome, chrome: {chromedriverVersion: 2.36.540470 (e522d04694c7eb..., userDataDir: C:\\Users\\HP\\AppData\\Local\\T...}, cssSelectorsEnabled: true, databaseEnabled: false, handlesAlerts: true, hasTouchScreen: false, javascriptEnabled: true, locationContextEnabled: true, mobileEmulationEnabled: false, nativeEvents: true, networkConnectionEnabled: false, pageLoadStrategy: normal, platform: XP, platformName: XP, rotatable: false, setWindowRect: true, takesHeapSnapshot: true, takesScreenshot: true, unexpectedAlertBehaviour: , unhandledPromptBehavior: , version: 87.0.4280.88, webStorageEnabled: true}\nSession ID: 12b0416b43d9bdc948bee03eb27f8d99\n*** Element info: {Using=xpath, value=//span[contains(text(),'Self')]}",
      "time" : {
        "start" : 1609995724899,
        "stop" : 1609995802706,
        "duration" : 77807
      }
    }, {
      "uid" : "f15840e70f694ab0",
      "status" : "passed",
      "time" : {
        "start" : 1609943948750,
        "stop" : 1609943957998,
        "duration" : 9248
      }
    }, {
      "uid" : "c13ee1bcaa1ef9a7",
      "status" : "broken",
      "statusDetails" : "TimeoutException: Expected condition failed: waiting for element to be clickable: Proxy element for: DefaultElementLocator 'By.xpath: //span[contains(text(),'Self')]' (tried for 10 second(s) with 500 milliseconds interval)",
      "time" : {
        "start" : 1609942619208,
        "stop" : 1609942683136,
        "duration" : 63928
      }
    }, {
      "uid" : "658befa7ec04e9eb",
      "status" : "broken",
      "statusDetails" : "NoSuchElementException: no such element: Unable to locate element: {\"method\":\"xpath\",\"selector\":\"//span[contains(text(),'Self')]\"}\n  (Session info: chrome=87.0.4280.88)\n  (Driver info: chromedriver=2.36.540470 (e522d04694c7ebea4ba8821272dbef4f9b818c91),platform=Windows NT 10.0.19041 x86_64) (WARNING: The server did not provide any stacktrace information)\nCommand duration or timeout: 0 milliseconds\nFor documentation on this error, please visit: https://www.seleniumhq.org/exceptions/no_such_element.html\nBuild info: version: '3.141.59', revision: 'e82be7d358', time: '2018-11-14T08:17:03'\nSystem info: host: 'DESKTOP-OGS304U', ip: '192.168.0.8', os.name: 'Windows 10', os.arch: 'amd64', os.version: '10.0', java.version: '11.0.7'\nDriver info: org.openqa.selenium.chrome.ChromeDriver\nCapabilities {acceptInsecureCerts: false, acceptSslCerts: false, applicationCacheEnabled: false, browserConnectionEnabled: false, browserName: chrome, chrome: {chromedriverVersion: 2.36.540470 (e522d04694c7eb..., userDataDir: C:\\Users\\HP\\AppData\\Local\\T...}, cssSelectorsEnabled: true, databaseEnabled: false, handlesAlerts: true, hasTouchScreen: false, javascriptEnabled: true, locationContextEnabled: true, mobileEmulationEnabled: false, nativeEvents: true, networkConnectionEnabled: false, pageLoadStrategy: normal, platform: XP, platformName: XP, rotatable: false, setWindowRect: true, takesHeapSnapshot: true, takesScreenshot: true, unexpectedAlertBehaviour: , unhandledPromptBehavior: , version: 87.0.4280.88, webStorageEnabled: true}\nSession ID: de26c2e35f0c3167519ff6fdd2ca94ae\n*** Element info: {Using=xpath, value=//span[contains(text(),'Self')]}",
      "time" : {
        "start" : 1609942290884,
        "stop" : 1609942341840,
        "duration" : 50956
      }
    }, {
      "uid" : "c10b18d81aff2813",
      "status" : "broken",
      "statusDetails" : "NoSuchElementException: no such element: Unable to locate element: {\"method\":\"xpath\",\"selector\":\"//span[contains(text(),'Self')]\"}\n  (Session info: chrome=87.0.4280.88)\n  (Driver info: chromedriver=2.36.540470 (e522d04694c7ebea4ba8821272dbef4f9b818c91),platform=Windows NT 10.0.19041 x86_64) (WARNING: The server did not provide any stacktrace information)\nCommand duration or timeout: 0 milliseconds\nFor documentation on this error, please visit: https://www.seleniumhq.org/exceptions/no_such_element.html\nBuild info: version: '3.141.59', revision: 'e82be7d358', time: '2018-11-14T08:17:03'\nSystem info: host: 'DESKTOP-OGS304U', ip: '192.168.0.8', os.name: 'Windows 10', os.arch: 'amd64', os.version: '10.0', java.version: '11.0.7'\nDriver info: org.openqa.selenium.chrome.ChromeDriver\nCapabilities {acceptInsecureCerts: false, acceptSslCerts: false, applicationCacheEnabled: false, browserConnectionEnabled: false, browserName: chrome, chrome: {chromedriverVersion: 2.36.540470 (e522d04694c7eb..., userDataDir: C:\\Users\\HP\\AppData\\Local\\T...}, cssSelectorsEnabled: true, databaseEnabled: false, handlesAlerts: true, hasTouchScreen: false, javascriptEnabled: true, locationContextEnabled: true, mobileEmulationEnabled: false, nativeEvents: true, networkConnectionEnabled: false, pageLoadStrategy: normal, platform: XP, platformName: XP, rotatable: false, setWindowRect: true, takesHeapSnapshot: true, takesScreenshot: true, unexpectedAlertBehaviour: , unhandledPromptBehavior: , version: 87.0.4280.88, webStorageEnabled: true}\nSession ID: 44d37766b27b73ce58ffdba36de09f71\n*** Element info: {Using=xpath, value=//span[contains(text(),'Self')]}",
      "time" : {
        "start" : 1609942069971,
        "stop" : 1609942121174,
        "duration" : 51203
      }
    }, {
      "uid" : "aebf47af52d2a358",
      "status" : "broken",
      "statusDetails" : "NoSuchElementException: no such element: Unable to locate element: {\"method\":\"xpath\",\"selector\":\"//*[contains(text(),'Video')]\"}\n  (Session info: chrome=87.0.4280.88)\n  (Driver info: chromedriver=2.36.540470 (e522d04694c7ebea4ba8821272dbef4f9b818c91),platform=Windows NT 10.0.19041 x86_64) (WARNING: The server did not provide any stacktrace information)\nCommand duration or timeout: 0 milliseconds\nFor documentation on this error, please visit: https://www.seleniumhq.org/exceptions/no_such_element.html\nBuild info: version: '3.141.59', revision: 'e82be7d358', time: '2018-11-14T08:17:03'\nSystem info: host: 'DESKTOP-OGS304U', ip: '192.168.0.8', os.name: 'Windows 10', os.arch: 'amd64', os.version: '10.0', java.version: '11.0.7'\nDriver info: org.openqa.selenium.chrome.ChromeDriver\nCapabilities {acceptInsecureCerts: false, acceptSslCerts: false, applicationCacheEnabled: false, browserConnectionEnabled: false, browserName: chrome, chrome: {chromedriverVersion: 2.36.540470 (e522d04694c7eb..., userDataDir: C:\\Users\\HP\\AppData\\Local\\T...}, cssSelectorsEnabled: true, databaseEnabled: false, handlesAlerts: true, hasTouchScreen: false, javascriptEnabled: true, locationContextEnabled: true, mobileEmulationEnabled: false, nativeEvents: true, networkConnectionEnabled: false, pageLoadStrategy: normal, platform: XP, platformName: XP, rotatable: false, setWindowRect: true, takesHeapSnapshot: true, takesScreenshot: true, unexpectedAlertBehaviour: , unhandledPromptBehavior: , version: 87.0.4280.88, webStorageEnabled: true}\nSession ID: f50d617d03dee1bcaec2b484213a5ca0\n*** Element info: {Using=xpath, value=//*[contains(text(),'Video')]}",
      "time" : {
        "start" : 1609941878423,
        "stop" : 1609941905456,
        "duration" : 27033
      }
    }, {
      "uid" : "9445d1481bd85ca9",
      "status" : "passed",
      "time" : {
        "start" : 1608727470811,
        "stop" : 1608727478445,
        "duration" : 7634
      }
    }, {
      "uid" : "f7138de2d15eb188",
      "status" : "passed",
      "time" : {
        "start" : 1608727065058,
        "stop" : 1608727075087,
        "duration" : 10029
      }
    }, {
      "uid" : "c3773001ad337713",
      "status" : "passed",
      "time" : {
        "start" : 1608726921175,
        "stop" : 1608726930988,
        "duration" : 9813
      }
    }, {
      "uid" : "a82abb354343b986",
      "status" : "passed",
      "time" : {
        "start" : 1608726393906,
        "stop" : 1608726402145,
        "duration" : 8239
      }
    }, {
      "uid" : "66f090a06bbdedc0",
      "status" : "passed",
      "time" : {
        "start" : 1608723216332,
        "stop" : 1608723224388,
        "duration" : 8056
      }
    }, {
      "uid" : "b597bbe518662290",
      "status" : "passed",
      "time" : {
        "start" : 1608722554964,
        "stop" : 1608722564900,
        "duration" : 9936
      }
    }, {
      "uid" : "39133151ed3b61b7",
      "status" : "passed",
      "time" : {
        "start" : 1608717457632,
        "stop" : 1608717467588,
        "duration" : 9956
      }
    }, {
      "uid" : "b908b1a04d6568b9",
      "status" : "broken",
      "statusDetails" : "NoSuchElementException: no such element: Unable to locate element: {\"method\":\"xpath\",\"selector\":\"//*[@id=0]/div/div[3]/div/div/div[3]/span/b[contains(text(),'More')]\"}\n  (Session info: chrome=87.0.4280.88)\n  (Driver info: chromedriver=2.36.540470 (e522d04694c7ebea4ba8821272dbef4f9b818c91),platform=Windows NT 10.0.19041 x86_64) (WARNING: The server did not provide any stacktrace information)\nCommand duration or timeout: 0 milliseconds\nFor documentation on this error, please visit: https://www.seleniumhq.org/exceptions/no_such_element.html\nBuild info: version: '3.141.59', revision: 'e82be7d358', time: '2018-11-14T08:17:03'\nSystem info: host: 'DESKTOP-OGS304U', ip: '192.168.0.10', os.name: 'Windows 10', os.arch: 'amd64', os.version: '10.0', java.version: '11.0.7'\nDriver info: org.openqa.selenium.chrome.ChromeDriver\nCapabilities {acceptInsecureCerts: false, acceptSslCerts: false, applicationCacheEnabled: false, browserConnectionEnabled: false, browserName: chrome, chrome: {chromedriverVersion: 2.36.540470 (e522d04694c7eb..., userDataDir: C:\\Users\\HP\\AppData\\Local\\T...}, cssSelectorsEnabled: true, databaseEnabled: false, handlesAlerts: true, hasTouchScreen: false, javascriptEnabled: true, locationContextEnabled: true, mobileEmulationEnabled: false, nativeEvents: true, networkConnectionEnabled: false, pageLoadStrategy: normal, platform: XP, platformName: XP, rotatable: false, setWindowRect: true, takesHeapSnapshot: true, takesScreenshot: true, unexpectedAlertBehaviour: , unhandledPromptBehavior: , version: 87.0.4280.88, webStorageEnabled: true}\nSession ID: 843676cb5a689235ca068a40eab8bd21\n*** Element info: {Using=xpath, value=//*[@id=0]/div/div[3]/div/div/div[3]/span/b[contains(text(),'More')]}",
      "time" : {
        "start" : 1608716844601,
        "stop" : 1608716854403,
        "duration" : 9802
      }
    }, {
      "uid" : "13ddfd3b136a9bd0",
      "status" : "broken",
      "statusDetails" : "NoSuchElementException: no such element: Unable to locate element: {\"method\":\"xpath\",\"selector\":\"//*[@id=0]/div/div[3]/div/div/div[3]/span/b[contains(text(),'More')]\"}\n  (Session info: chrome=87.0.4280.88)\n  (Driver info: chromedriver=2.36.540470 (e522d04694c7ebea4ba8821272dbef4f9b818c91),platform=Windows NT 10.0.19041 x86_64) (WARNING: The server did not provide any stacktrace information)\nCommand duration or timeout: 0 milliseconds\nFor documentation on this error, please visit: https://www.seleniumhq.org/exceptions/no_such_element.html\nBuild info: version: '3.141.59', revision: 'e82be7d358', time: '2018-11-14T08:17:03'\nSystem info: host: 'DESKTOP-OGS304U', ip: '192.168.0.10', os.name: 'Windows 10', os.arch: 'amd64', os.version: '10.0', java.version: '11.0.7'\nDriver info: org.openqa.selenium.chrome.ChromeDriver\nCapabilities {acceptInsecureCerts: false, acceptSslCerts: false, applicationCacheEnabled: false, browserConnectionEnabled: false, browserName: chrome, chrome: {chromedriverVersion: 2.36.540470 (e522d04694c7eb..., userDataDir: C:\\Users\\HP\\AppData\\Local\\T...}, cssSelectorsEnabled: true, databaseEnabled: false, handlesAlerts: true, hasTouchScreen: false, javascriptEnabled: true, locationContextEnabled: true, mobileEmulationEnabled: false, nativeEvents: true, networkConnectionEnabled: false, pageLoadStrategy: normal, platform: XP, platformName: XP, rotatable: false, setWindowRect: true, takesHeapSnapshot: true, takesScreenshot: true, unexpectedAlertBehaviour: , unhandledPromptBehavior: , version: 87.0.4280.88, webStorageEnabled: true}\nSession ID: 5e3ccf1562f7c914ee6c7d7500070346\n*** Element info: {Using=xpath, value=//*[@id=0]/div/div[3]/div/div/div[3]/span/b[contains(text(),'More')]}",
      "time" : {
        "start" : 1608715702098,
        "stop" : 1608715711655,
        "duration" : 9557
      }
    }, {
      "uid" : "afc7b52b95d87180",
      "status" : "broken",
      "statusDetails" : "NoSuchElementException: no such element: Unable to locate element: {\"method\":\"xpath\",\"selector\":\"//*[@id=0]/div/div[3]/div/div/div[3]/span/b[contains(text(),'More')]\"}\n  (Session info: chrome=87.0.4280.88)\n  (Driver info: chromedriver=2.36.540470 (e522d04694c7ebea4ba8821272dbef4f9b818c91),platform=Windows NT 10.0.19041 x86_64) (WARNING: The server did not provide any stacktrace information)\nCommand duration or timeout: 0 milliseconds\nFor documentation on this error, please visit: https://www.seleniumhq.org/exceptions/no_such_element.html\nBuild info: version: '3.141.59', revision: 'e82be7d358', time: '2018-11-14T08:17:03'\nSystem info: host: 'DESKTOP-OGS304U', ip: '192.168.0.10', os.name: 'Windows 10', os.arch: 'amd64', os.version: '10.0', java.version: '11.0.7'\nDriver info: org.openqa.selenium.chrome.ChromeDriver\nCapabilities {acceptInsecureCerts: false, acceptSslCerts: false, applicationCacheEnabled: false, browserConnectionEnabled: false, browserName: chrome, chrome: {chromedriverVersion: 2.36.540470 (e522d04694c7eb..., userDataDir: C:\\Users\\HP\\AppData\\Local\\T...}, cssSelectorsEnabled: true, databaseEnabled: false, handlesAlerts: true, hasTouchScreen: false, javascriptEnabled: true, locationContextEnabled: true, mobileEmulationEnabled: false, nativeEvents: true, networkConnectionEnabled: false, pageLoadStrategy: normal, platform: XP, platformName: XP, rotatable: false, setWindowRect: true, takesHeapSnapshot: true, takesScreenshot: true, unexpectedAlertBehaviour: , unhandledPromptBehavior: , version: 87.0.4280.88, webStorageEnabled: true}\nSession ID: 4b05043924596b7127ef62dd543993a0\n*** Element info: {Using=xpath, value=//*[@id=0]/div/div[3]/div/div/div[3]/span/b[contains(text(),'More')]}",
      "time" : {
        "start" : 1608715471539,
        "stop" : 1608715481299,
        "duration" : 9760
      }
    }, {
      "uid" : "5991005c14c1e175",
      "status" : "passed",
      "time" : {
        "start" : 1608711480250,
        "stop" : 1608711562919,
        "duration" : 82669
      }
    }, {
      "uid" : "831154d327ebb191",
      "status" : "passed",
      "time" : {
        "start" : 1608707269156,
        "stop" : 1608707424627,
        "duration" : 155471
      }
    }, {
      "uid" : "35c90ddf29bfc224",
      "status" : "passed",
      "time" : {
        "start" : 1608707152582,
        "stop" : 1608707158388,
        "duration" : 5806
      }
    }, {
      "uid" : "9d6b30d847bd2a3f",
      "status" : "broken",
      "statusDetails" : "NoSuchElementException: no such element: Unable to locate element: {\"method\":\"xpath\",\"selector\":\"//*[@id=0]/div/div[3]/div/div/div[2]/span/b[contains(text(),'More')]\"}\n  (Session info: chrome=87.0.4280.88)\n  (Driver info: chromedriver=2.36.540470 (e522d04694c7ebea4ba8821272dbef4f9b818c91),platform=Windows NT 10.0.19041 x86_64) (WARNING: The server did not provide any stacktrace information)\nCommand duration or timeout: 0 milliseconds\nFor documentation on this error, please visit: https://www.seleniumhq.org/exceptions/no_such_element.html\nBuild info: version: '3.141.59', revision: 'e82be7d358', time: '2018-11-14T08:17:03'\nSystem info: host: 'DESKTOP-OGS304U', ip: '192.168.43.27', os.name: 'Windows 10', os.arch: 'amd64', os.version: '10.0', java.version: '11.0.7'\nDriver info: org.openqa.selenium.chrome.ChromeDriver\nCapabilities {acceptInsecureCerts: false, acceptSslCerts: false, applicationCacheEnabled: false, browserConnectionEnabled: false, browserName: chrome, chrome: {chromedriverVersion: 2.36.540470 (e522d04694c7eb..., userDataDir: C:\\Users\\HP\\AppData\\Local\\T...}, cssSelectorsEnabled: true, databaseEnabled: false, handlesAlerts: true, hasTouchScreen: false, javascriptEnabled: true, locationContextEnabled: true, mobileEmulationEnabled: false, nativeEvents: true, networkConnectionEnabled: false, pageLoadStrategy: normal, platform: XP, platformName: XP, rotatable: false, setWindowRect: true, takesHeapSnapshot: true, takesScreenshot: true, unexpectedAlertBehaviour: , unhandledPromptBehavior: , version: 87.0.4280.88, webStorageEnabled: true}\nSession ID: 9e2b214ef3ff46a718fe1a9a950bc5b8\n*** Element info: {Using=xpath, value=//*[@id=0]/div/div[3]/div/div/div[2]/span/b[contains(text(),'More')]}",
      "time" : {
        "start" : 1608705228053,
        "stop" : 1608705235744,
        "duration" : 7691
      }
    }, {
      "uid" : "1e22981fa06140bb",
      "status" : "passed",
      "time" : {
        "start" : 1608207428164,
        "stop" : 1608207624304,
        "duration" : 196140
      }
    }, {
      "uid" : "19729538df0c1f32",
      "status" : "skipped",
      "statusDetails" : ": Skipped due to dependency on other skipped or failed test methods",
      "time" : {
        "start" : 1608206224389,
        "stop" : 1608206224395,
        "duration" : 6
      }
    }, {
      "uid" : "de7d18c122fc69fe",
      "status" : "skipped",
      "statusDetails" : ": Skipped due to dependency on other skipped or failed test methods",
      "time" : {
        "start" : 1608193834589,
        "stop" : 1608193834590,
        "duration" : 1
      }
    }, {
      "uid" : "2a12cf983d384aec",
      "status" : "broken",
      "statusDetails" : "FileNotFoundException: C:\\Users\\HP\\eclipse-workspace\\EzScheduler\\EzScheduler\\inputFiles\\Patient_Login.xlsx (The system cannot find the path specified)",
      "time" : {
        "start" : 1608192669544,
        "stop" : 1608192669559,
        "duration" : 15
      }
    }, {
      "uid" : "ec9c4a86128a50d9",
      "status" : "broken",
      "statusDetails" : "FileNotFoundException: C:\\Users\\HP\\eclipse-workspace\\EzScheduler\\EzScheduler\\inputFiles\\Patient_Login.xlsx (The system cannot find the path specified)",
      "time" : {
        "start" : 1608191662679,
        "stop" : 1608191662690,
        "duration" : 11
      }
    } ],
    "categories" : [ ],
    "history" : {
      "statistic" : {
        "failed" : 0,
        "broken" : 0,
        "skipped" : 0,
        "passed" : 3,
        "unknown" : 0,
        "total" : 3
      },
      "items" : [ {
        "uid" : "a9e39197031f7ccc",
        "reportUrl" : "http://localhost:8080/job/EzScheduler/19/allure/#testresult/a9e39197031f7ccc",
        "status" : "passed",
        "time" : {
          "start" : 1610084301940,
          "stop" : 1610084331417,
          "duration" : 29477
        }
      }, {
        "uid" : "78039b9c027679cb",
        "reportUrl" : "http://localhost:8080/job/EzScheduler/18/allure/#testresult/78039b9c027679cb",
        "status" : "passed",
        "time" : {
          "start" : 1610084301940,
          "stop" : 1610084331417,
          "duration" : 29477
        }
      } ]
    },
    "tags" : [ ]
  },
  "source" : "ec493c550708e769.json",
  "parameterValues" : [ ]
}