{
  "uid" : "f60a09185e49c579",
  "name" : "TCA_01_LoginNavigation on [AdminTest passed=0 failed=0 skipped=0]",
  "fullName" : "sailotech.com.EzScheduler.adminTests.AdminTest.TCA_01_LoginNavigation",
  "historyId" : "6b77f8ef1bdc27a962b0f127edb42a88",
  "time" : {
    "start" : 1614961261131,
    "stop" : 1614961324715,
    "duration" : 63584
  },
  "description" : "Admin Login Naviagtion",
  "descriptionHtml" : "<p>Admin Login Naviagtion</p>\n",
  "status" : "broken",
  "statusMessage" : "ExceptionInInitializerError: null",
  "statusTrace" : "java.lang.ExceptionInInitializerError\r\n\tat sailotech.com.EzScheduler.AdminFunctions.AdminFunctions.adminLogin_Navigation(AdminFunctions.java:53)\r\n\tat sailotech.com.EzScheduler.adminTests.AdminTest.TCA_01_LoginNavigation(AdminTest.java:42)\r\n\tat java.base/jdk.internal.reflect.NativeMethodAccessorImpl.invoke0(Native Method)\r\n\tat java.base/jdk.internal.reflect.NativeMethodAccessorImpl.invoke(NativeMethodAccessorImpl.java:62)\r\n\tat java.base/jdk.internal.reflect.DelegatingMethodAccessorImpl.invoke(DelegatingMethodAccessorImpl.java:43)\r\n\tat java.base/java.lang.reflect.Method.invoke(Method.java:566)\r\n\tat org.testng.internal.MethodInvocationHelper.invokeMethod(MethodInvocationHelper.java:124)\r\n\tat org.testng.internal.Invoker.invokeMethod(Invoker.java:583)\r\n\tat org.testng.internal.Invoker.invokeTestMethod(Invoker.java:719)\r\n\tat org.testng.internal.Invoker.invokeTestMethods(Invoker.java:989)\r\n\tat org.testng.internal.TestMethodWorker.invokeTestMethods(TestMethodWorker.java:125)\r\n\tat org.testng.internal.TestMethodWorker.run(TestMethodWorker.java:109)\r\n\tat org.testng.TestRunner.privateRun(TestRunner.java:648)\r\n\tat org.testng.TestRunner.run(TestRunner.java:505)\r\n\tat org.testng.SuiteRunner.runTest(SuiteRunner.java:455)\r\n\tat org.testng.SuiteRunner.runSequentially(SuiteRunner.java:450)\r\n\tat org.testng.SuiteRunner.privateRun(SuiteRunner.java:415)\r\n\tat org.testng.SuiteRunner.run(SuiteRunner.java:364)\r\n\tat org.testng.SuiteRunnerWorker.runSuite(SuiteRunnerWorker.java:52)\r\n\tat org.testng.SuiteRunnerWorker.run(SuiteRunnerWorker.java:84)\r\n\tat org.testng.TestNG.runSuitesSequentially(TestNG.java:1208)\r\n\tat org.testng.TestNG.runSuitesLocally(TestNG.java:1137)\r\n\tat org.testng.TestNG.runSuites(TestNG.java:1049)\r\n\tat org.testng.TestNG.run(TestNG.java:1017)\r\n\tat org.testng.remote.AbstractRemoteTestNG.run(AbstractRemoteTestNG.java:115)\r\n\tat org.testng.remote.RemoteTestNG.initAndRun(RemoteTestNG.java:251)\r\n\tat org.testng.remote.RemoteTestNG.main(RemoteTestNG.java:77)\r\nCaused by: org.openqa.selenium.NoSuchElementException: no such element: Unable to locate element: {\"method\":\"xpath\",\"selector\":\"//div[2]/div/div/table/tbody[1]\"}\n  (Session info: chrome=88.0.4324.190)\n  (Driver info: chromedriver=2.36.540470 (e522d04694c7ebea4ba8821272dbef4f9b818c91),platform=Windows NT 10.0.19041 x86_64) (WARNING: The server did not provide any stacktrace information)\nCommand duration or timeout: 0 milliseconds\nFor documentation on this error, please visit: https://www.seleniumhq.org/exceptions/no_such_element.html\nBuild info: version: '3.141.59', revision: 'e82be7d358', time: '2018-11-14T08:17:03'\nSystem info: host: 'DESKTOP-OGS304U', ip: '192.168.0.6', os.name: 'Windows 10', os.arch: 'amd64', os.version: '10.0', java.version: '11.0.7'\nDriver info: org.openqa.selenium.chrome.ChromeDriver\nCapabilities {acceptInsecureCerts: false, acceptSslCerts: false, applicationCacheEnabled: false, browserConnectionEnabled: false, browserName: chrome, chrome: {chromedriverVersion: 2.36.540470 (e522d04694c7eb..., userDataDir: C:\\Users\\HP\\AppData\\Local\\T...}, cssSelectorsEnabled: true, databaseEnabled: false, handlesAlerts: true, hasTouchScreen: false, javascriptEnabled: true, locationContextEnabled: true, mobileEmulationEnabled: false, nativeEvents: true, networkConnectionEnabled: false, pageLoadStrategy: normal, platform: XP, platformName: XP, rotatable: false, setWindowRect: true, takesHeapSnapshot: true, takesScreenshot: true, unexpectedAlertBehaviour: , unhandledPromptBehavior: , version: 88.0.4324.190, webStorageEnabled: true}\nSession ID: 9beb64348b42c05cdb89cce1e29e29ad\n*** Element info: {Using=xpath, value=//div[2]/div/div/table/tbody[1]}\r\n\tat java.base/jdk.internal.reflect.NativeConstructorAccessorImpl.newInstance0(Native Method)\r\n\tat java.base/jdk.internal.reflect.NativeConstructorAccessorImpl.newInstance(NativeConstructorAccessorImpl.java:62)\r\n\tat java.base/jdk.internal.reflect.DelegatingConstructorAccessorImpl.newInstance(DelegatingConstructorAccessorImpl.java:45)\r\n\tat java.base/java.lang.reflect.Constructor.newInstance(Constructor.java:490)\r\n\tat org.openqa.selenium.remote.ErrorHandler.createThrowable(ErrorHandler.java:214)\r\n\tat org.openqa.selenium.remote.ErrorHandler.throwIfResponseFailed(ErrorHandler.java:166)\r\n\tat org.openqa.selenium.remote.http.JsonHttpResponseCodec.reconstructValue(JsonHttpResponseCodec.java:40)\r\n\tat org.openqa.selenium.remote.http.AbstractHttpResponseCodec.decode(AbstractHttpResponseCodec.java:80)\r\n\tat org.openqa.selenium.remote.http.AbstractHttpResponseCodec.decode(AbstractHttpResponseCodec.java:44)\r\n\tat org.openqa.selenium.remote.HttpCommandExecutor.execute(HttpCommandExecutor.java:158)\r\n\tat org.openqa.selenium.remote.service.DriverCommandExecutor.execute(DriverCommandExecutor.java:83)\r\n\tat org.openqa.selenium.remote.RemoteWebDriver.execute(RemoteWebDriver.java:552)\r\n\tat org.openqa.selenium.remote.RemoteWebDriver.findElement(RemoteWebDriver.java:323)\r\n\tat org.openqa.selenium.remote.RemoteWebDriver.findElementByXPath(RemoteWebDriver.java:428)\r\n\tat org.openqa.selenium.By$ByXPath.findElement(By.java:353)\r\n\tat org.openqa.selenium.remote.RemoteWebDriver.findElement(RemoteWebDriver.java:315)\r\n\tat sailotech.com.EzScheduler.adminPages.RepositoryClass.<clinit>(RepositoryClass.java:62)\r\n\t... 27 more\r\n",
  "flaky" : false,
  "newFailed" : false,
  "beforeStages" : [ ],
  "afterStages" : [ ],
  "labels" : [ {
    "name" : "framework",
    "value" : "TestNG"
  }, {
    "name" : "host",
    "value" : "DESKTOP-OGS304U"
  }, {
    "name" : "language",
    "value" : "JAVA"
  }, {
    "name" : "testClass",
    "value" : "sailotech.com.EzScheduler.adminTests.AdminTest"
  }, {
    "name" : "testGroup",
    "value" : "Default test"
  }, {
    "name" : "testId",
    "value" : "TCA_01"
  }, {
    "name" : "testMethod",
    "value" : "TCA_01_LoginNavigation"
  }, {
    "name" : "testSuite",
    "value" : "Default suite"
  }, {
    "name" : "thread",
    "value" : "1832@DESKTOP-OGS304U.main(1)"
  }, {
    "name" : "parentSuite",
    "value" : "Default suite"
  }, {
    "name" : "suite",
    "value" : "Default test"
  }, {
    "name" : "subSuite",
    "value" : "sailotech.com.EzScheduler.adminTests.AdminTest"
  }, {
    "name" : "package",
    "value" : "sailotech.com.EzScheduler.adminTests.AdminTest"
  }, {
    "name" : "resultFormat",
    "value" : "allure1"
  } ],
  "parameters" : [ ],
  "links" : [ {
    "name" : "TCA_01",
    "url" : "TCA_01",
    "type" : "tms"
  } ],
  "hidden" : false,
  "retry" : false,
  "extra" : {
    "severity" : "normal",
    "retries" : [ {
      "uid" : "c3b8f69b98ba3494",
      "status" : "broken",
      "statusDetails" : "ExceptionInInitializerError: null",
      "time" : {
        "start" : 1614961027800,
        "stop" : 1614961090615,
        "duration" : 62815
      }
    }, {
      "uid" : "3ddda068207c5eb",
      "status" : "broken",
      "statusDetails" : "ExceptionInInitializerError: null",
      "time" : {
        "start" : 1614960709772,
        "stop" : 1614960772472,
        "duration" : 62700
      }
    }, {
      "uid" : "31694598c6b635ea",
      "status" : "broken",
      "statusDetails" : "ExceptionInInitializerError: null",
      "time" : {
        "start" : 1613650686971,
        "stop" : 1613650749636,
        "duration" : 62665
      }
    }, {
      "uid" : "4b1bd284dcd415ec",
      "status" : "broken",
      "statusDetails" : "ExceptionInInitializerError: null",
      "time" : {
        "start" : 1613647198929,
        "stop" : 1613647261813,
        "duration" : 62884
      }
    }, {
      "uid" : "58a95f2ec3509979",
      "status" : "broken",
      "statusDetails" : "ExceptionInInitializerError: null",
      "time" : {
        "start" : 1613646879261,
        "stop" : 1613646942507,
        "duration" : 63246
      }
    }, {
      "uid" : "59f9bf378495578e",
      "status" : "broken",
      "statusDetails" : "ExceptionInInitializerError: null",
      "time" : {
        "start" : 1613023709746,
        "stop" : 1613023772418,
        "duration" : 62672
      }
    }, {
      "uid" : "63a576c48306cf10",
      "status" : "passed",
      "time" : {
        "start" : 1613023581476,
        "stop" : 1613023582352,
        "duration" : 876
      }
    }, {
      "uid" : "b02fd44a49c5ee1",
      "status" : "broken",
      "statusDetails" : "ExceptionInInitializerError: null",
      "time" : {
        "start" : 1613023321237,
        "stop" : 1613023383782,
        "duration" : 62545
      }
    }, {
      "uid" : "9479b604d67cd419",
      "status" : "broken",
      "statusDetails" : "ExceptionInInitializerError: null",
      "time" : {
        "start" : 1612527646551,
        "stop" : 1612527707011,
        "duration" : 60460
      }
    }, {
      "uid" : "1b5b9ede25befd02",
      "status" : "broken",
      "statusDetails" : "ExceptionInInitializerError: null",
      "time" : {
        "start" : 1612525653528,
        "stop" : 1612525714538,
        "duration" : 61010
      }
    }, {
      "uid" : "3508ca2a0f2a0464",
      "status" : "skipped",
      "statusDetails" : ": Skipped due to dependency on other skipped or failed test methods",
      "time" : {
        "start" : 1612525530479,
        "stop" : 1612525530488,
        "duration" : 9
      }
    }, {
      "uid" : "8f090ee91edee78c",
      "status" : "passed",
      "time" : {
        "start" : 1612525251015,
        "stop" : 1612525312042,
        "duration" : 61027
      }
    }, {
      "uid" : "c0186e6e70af6932",
      "status" : "broken",
      "statusDetails" : "ExceptionInInitializerError: null",
      "time" : {
        "start" : 1612524599289,
        "stop" : 1612524660659,
        "duration" : 61370
      }
    }, {
      "uid" : "88f821a954d24e1c",
      "status" : "broken",
      "statusDetails" : "ExceptionInInitializerError: null",
      "time" : {
        "start" : 1612524298399,
        "stop" : 1612524358955,
        "duration" : 60556
      }
    }, {
      "uid" : "f5343d2c2aeb6f18",
      "status" : "broken",
      "statusDetails" : "NullPointerException: null",
      "time" : {
        "start" : 1612523484824,
        "stop" : 1612523485118,
        "duration" : 294
      }
    } ],
    "categories" : [ {
      "name" : "Test defects",
      "matchedStatuses" : [ ],
      "flaky" : false
    } ],
    "history" : {
      "statistic" : {
        "failed" : 0,
        "broken" : 3,
        "skipped" : 0,
        "passed" : 0,
        "unknown" : 0,
        "total" : 3
      },
      "items" : [ {
        "uid" : "51a6431429b40809",
        "reportUrl" : "http://localhost:8080/job/EzScheduler/19/allure/#testresult/51a6431429b40809",
        "status" : "broken",
        "statusDetails" : "ExceptionInInitializerError: null",
        "time" : {
          "start" : 1614961261131,
          "stop" : 1614961324715,
          "duration" : 63584
        }
      }, {
        "uid" : "caa8f3e3d9bbb2c8",
        "reportUrl" : "http://localhost:8080/job/EzScheduler/18/allure/#testresult/caa8f3e3d9bbb2c8",
        "status" : "broken",
        "statusDetails" : "ExceptionInInitializerError: null",
        "time" : {
          "start" : 1614961261131,
          "stop" : 1614961324715,
          "duration" : 63584
        }
      } ]
    },
    "tags" : [ ]
  },
  "source" : "f60a09185e49c579.json",
  "parameterValues" : [ ]
}